Loading PMMS...
Loading ZHVI...

Pass 1: determining train/test split...
  Loading 2013Q1...
    -> 338,843 loans | prepay 1.01% | rows: 31,415,338
  Loading 2013Q2...
    -> 329,718 loans | prepay 1.14% | rows: 29,249,328
  Loading 2013Q3...
    -> 310,166 loans | prepay 1.24% | rows: 24,265,721
  Loading 2013Q4...
    -> 209,501 loans | prepay 1.18% | rows: 13,902,482
  Loading 2014Q1...
    -> 136,202 loans | prepay 1.12% | rows: 8,710,465
  Loading 2014Q2...
    -> 161,997 loans | prepay 1.18% | rows: 10,024,585
  Loading 2014Q3...
    -> 196,216 loans | prepay 1.32% | rows: 12,394,380
  Loading 2014Q4...
    -> 201,039 loans | prepay 1.39% | rows: 12,859,352
  Loading 2015Q1...
    -> 217,687 loans | prepay 1.59% | rows: 14,522,816
  Loading 2015Q2...
    -> 248,316 loans | prepay 1.64% | rows: 17,192,957
  Loading 2015Q3...
    -> 252,654 loans | prepay 1.78% | rows: 16,497,982
  Loading 2015Q4...
    -> 214,230 loans | prepay 1.95% | rows: 13,784,000
  Loading 2016Q1...
    -> 202,298 loans | prepay 2.07% | rows: 12,719,055
  Loading 2016Q2...
    -> 267,126 loans | prepay 2.20% | rows: 17,401,188
  Loading 2016Q3...
    -> 326,948 loans | prepay 2.32% | rows: 21,920,982
  Loading 2016Q4...
    -> 345,630 loans | prepay 2.54% | rows: 23,184,450
  Loading 2017Q1...
    -> 243,316 loans | prepay 2.79% | rows: 14,663,501
  Loading 2017Q2...
    -> 245,549 loans | prepay 2.87% | rows: 13,338,863
  Loading 2017Q3...
    -> 272,806 loans | prepay 3.13% | rows: 14,886,090
  Loading 2017Q4...
    -> 259,551 loans | prepay 3.75% | rows: 13,860,300
  Loading 2018Q1...
    -> 228,943 loans | prepay 4.00% | rows: 11,422,781
  Loading 2018Q2...
    -> 226,717 loans | prepay 3.82% | rows: 9,667,294
  Loading 2018Q3...
    -> 249,356 loans | prepay 4.00% | rows: 9,652,539
  Loading 2018Q4...
    -> 209,913 loans | prepay 4.13% | rows: 7,482,238
  Loading 2019Q1...
    -> 170,397 loans | prepay 4.25% | rows: 5,634,856
  Loading 2019Q2...
    -> 203,175 loans | prepay 3.94% | rows: 6,867,756
  Loading 2019Q3...
    -> 336,127 loans | prepay 4.12% | rows: 12,500,835
  Loading 2019Q4...
    -> 344,327 loans | prepay 4.00% | rows: 13,512,518

Total loans: 6,948,748 | Prepay rate: 2.54%
Train: 5,558,998 | Test: 1,389,750

Pass 2: fitting scaler on train data...
  Loading 2013Q1...
    -> 270,839 loans | prepay 1.02% | rows: 25,111,369
  Loading 2013Q2...
    -> 263,534 loans | prepay 1.15% | rows: 23,380,862
  Loading 2013Q3...
    -> 248,122 loans | prepay 1.24% | rows: 19,412,119
  Loading 2013Q4...
    -> 167,655 loans | prepay 1.17% | rows: 11,122,690
  Loading 2014Q1...
    -> 109,096 loans | prepay 1.11% | rows: 6,986,193
  Loading 2014Q2...
    -> 129,660 loans | prepay 1.17% | rows: 8,022,670
  Loading 2014Q3...
    -> 157,154 loans | prepay 1.34% | rows: 9,916,164
  Loading 2014Q4...
    -> 160,953 loans | prepay 1.40% | rows: 10,300,652
  Loading 2015Q1...
    -> 173,826 loans | prepay 1.60% | rows: 11,600,154
  Loading 2015Q2...
    -> 198,488 loans | prepay 1.65% | rows: 13,740,884
  Loading 2015Q3...
    -> 202,313 loans | prepay 1.77% | rows: 13,222,212
  Loading 2015Q4...
    -> 171,404 loans | prepay 1.97% | rows: 11,035,576
  Loading 2016Q1...
    -> 162,011 loans | prepay 2.06% | rows: 10,183,566
  Loading 2016Q2...
    -> 213,759 loans | prepay 2.21% | rows: 13,929,087
  Loading 2016Q3...
    -> 261,631 loans | prepay 2.32% | rows: 17,519,992
  Loading 2016Q4...
    -> 276,164 loans | prepay 2.54% | rows: 18,526,019
  Loading 2017Q1...
    -> 194,800 loans | prepay 2.78% | rows: 11,748,368
  Loading 2017Q2...
    -> 195,975 loans | prepay 2.85% | rows: 10,642,566
  Loading 2017Q3...
    -> 218,165 loans | prepay 3.12% | rows: 11,914,141
  Loading 2017Q4...
    -> 207,666 loans | prepay 3.77% | rows: 11,081,113
  Loading 2018Q1...
    -> 183,248 loans | prepay 3.98% | rows: 9,140,269
  Loading 2018Q2...
    -> 181,436 loans | prepay 3.80% | rows: 7,730,606
  Loading 2018Q3...
    -> 199,491 loans | prepay 3.97% | rows: 7,720,856
  Loading 2018Q4...
    -> 167,993 loans | prepay 4.12% | rows: 5,981,432
  Loading 2019Q1...
    -> 136,245 loans | prepay 4.27% | rows: 4,505,907
  Loading 2019Q2...
    -> 162,693 loans | prepay 3.99% | rows: 5,498,611
  Loading 2019Q3...
    -> 268,849 loans | prepay 4.12% | rows: 9,994,002
  Loading 2019Q4...
    -> 275,828 loans | prepay 4.01% | rows: 10,821,586
Scaler saved.

Pass 3: building train sequences...
  Loading 2013Q1...
    -> 270,839 loans | prepay 1.02% | rows: 25,111,369
  Loading 2013Q2...
    -> 263,534 loans | prepay 1.15% | rows: 23,380,862
  Loading 2013Q3...
    -> 248,122 loans | prepay 1.24% | rows: 19,412,119
  Loading 2013Q4...
    -> 167,655 loans | prepay 1.17% | rows: 11,122,690
  Loading 2014Q1...
    -> 109,096 loans | prepay 1.11% | rows: 6,986,193
  Loading 2014Q2...
    -> 129,660 loans | prepay 1.17% | rows: 8,022,670
  Loading 2014Q3...
    -> 157,154 loans | prepay 1.34% | rows: 9,916,164
  Loading 2014Q4...
    -> 160,953 loans | prepay 1.40% | rows: 10,300,652
  Loading 2015Q1...
    -> 173,826 loans | prepay 1.60% | rows: 11,600,154
  Loading 2015Q2...
    -> 198,488 loans | prepay 1.65% | rows: 13,740,884
  Loading 2015Q3...
    -> 202,313 loans | prepay 1.77% | rows: 13,222,212
  Loading 2015Q4...
    -> 171,404 loans | prepay 1.97% | rows: 11,035,576
  Loading 2016Q1...
    -> 162,011 loans | prepay 2.06% | rows: 10,183,566
  Loading 2016Q2...
    -> 213,759 loans | prepay 2.21% | rows: 13,929,087
  Loading 2016Q3...
    -> 261,631 loans | prepay 2.32% | rows: 17,519,992
  Loading 2016Q4...
    -> 276,164 loans | prepay 2.54% | rows: 18,526,019
  Loading 2017Q1...
    -> 194,800 loans | prepay 2.78% | rows: 11,748,368
  Loading 2017Q2...
    -> 195,975 loans | prepay 2.85% | rows: 10,642,566
  Loading 2017Q3...
    -> 218,165 loans | prepay 3.12% | rows: 11,914,141
  Loading 2017Q4...
    -> 207,666 loans | prepay 3.77% | rows: 11,081,113
  Loading 2018Q1...
    -> 183,248 loans | prepay 3.98% | rows: 9,140,269
  Loading 2018Q2...
    -> 181,436 loans | prepay 3.80% | rows: 7,730,606
  Loading 2018Q3...
    -> 199,491 loans | prepay 3.97% | rows: 7,720,856
  Loading 2018Q4...
    -> 167,993 loans | prepay 4.12% | rows: 5,981,432
  Loading 2019Q1...
    -> 136,245 loans | prepay 4.27% | rows: 4,505,907
  Loading 2019Q2...
    -> 162,693 loans | prepay 3.99% | rows: 5,498,611
  Loading 2019Q3...
    -> 268,849 loans | prepay 4.12% | rows: 9,994,002
  Loading 2019Q4...
    -> 275,828 loans | prepay 4.01% | rows: 10,821,586
  Train shape: (5558998, 33, 9) — saved.
  Prepay timestep: 136,012/141,196 prepaid loans have t>=0

Pass 4: building test sequences...
  Loading 2013Q1...
    -> 68,004 loans | prepay 0.98% | rows: 6,303,969
  Loading 2013Q2...
    -> 66,184 loans | prepay 1.12% | rows: 5,868,466
  Loading 2013Q3...
    -> 62,044 loans | prepay 1.24% | rows: 4,853,602
  Loading 2013Q4...
    -> 41,846 loans | prepay 1.25% | rows: 2,779,792
  Loading 2014Q1...
    -> 27,106 loans | prepay 1.16% | rows: 1,724,272
  Loading 2014Q2...
    -> 32,337 loans | prepay 1.24% | rows: 2,001,915
  Loading 2014Q3...
    -> 39,062 loans | prepay 1.27% | rows: 2,478,216
  Loading 2014Q4...
    -> 40,086 loans | prepay 1.35% | rows: 2,558,700
  Loading 2015Q1...
    -> 43,861 loans | prepay 1.56% | rows: 2,922,662
  Loading 2015Q2...
    -> 49,828 loans | prepay 1.62% | rows: 3,452,073
  Loading 2015Q3...
    -> 50,341 loans | prepay 1.82% | rows: 3,275,770
  Loading 2015Q4...
    -> 42,826 loans | prepay 1.87% | rows: 2,748,424
  Loading 2016Q1...
    -> 40,287 loans | prepay 2.12% | rows: 2,535,489
  Loading 2016Q2...
    -> 53,367 loans | prepay 2.16% | rows: 3,472,101
  Loading 2016Q3...
    -> 65,317 loans | prepay 2.30% | rows: 4,400,990
  Loading 2016Q4...
    -> 69,466 loans | prepay 2.51% | rows: 4,658,431
  Loading 2017Q1...
    -> 48,516 loans | prepay 2.82% | rows: 2,915,133
  Loading 2017Q2...
    -> 49,574 loans | prepay 2.91% | rows: 2,696,297
  Loading 2017Q3...
    -> 54,641 loans | prepay 3.20% | rows: 2,971,949
  Loading 2017Q4...
    -> 51,885 loans | prepay 3.67% | rows: 2,779,187
  Loading 2018Q1...
    -> 45,695 loans | prepay 4.07% | rows: 2,282,512
  Loading 2018Q2...
    -> 45,281 loans | prepay 3.92% | rows: 1,936,688
  Loading 2018Q3...
    -> 49,865 loans | prepay 4.12% | rows: 1,931,683
  Loading 2018Q4...
    -> 41,920 loans | prepay 4.15% | rows: 1,500,806
  Loading 2019Q1...
    -> 34,152 loans | prepay 4.20% | rows: 1,128,949
  Loading 2019Q2...
    -> 40,482 loans | prepay 3.76% | rows: 1,369,145
  Loading 2019Q3...
    -> 67,278 loans | prepay 4.16% | rows: 2,506,833
  Loading 2019Q4...
    -> 68,499 loans | prepay 3.99% | rows: 2,690,932
  Test shape: (1389750, 33, 9) — saved.
  Prepay timestep: 33,997/35,299 prepaid loans have t>=0

Pass 5: building OOS sequences (2020-2021 holdout)...
  Loading 2020Q1...
    -> 682,598 loans | prepay 3.80% | rows: 25,475,336
  Loading 2020Q2...
    -> 1,234,967 loans | prepay 1.43% | rows: 54,864,545
  Loading 2020Q3...
    -> 1,382,669 loans | prepay 0.83% | rows: 67,720,070
  Loading 2020Q4...
    -> 1,511,698 loans | prepay 0.70% | rows: 76,150,387
  Loading 2021Q1...
    -> 1,411,263 loans | prepay 0.63% | rows: 69,707,924
  Loading 2021Q2...
    -> 1,313,811 loans | prepay 0.72% | rows: 62,251,682
  Loading 2021Q3...
    -> 1,036,731 loans | prepay 0.89% | rows: 47,258,820
  Loading 2021Q4...
    -> 1,010,893 loans | prepay 0.87% | rows: 44,008,721
  OOS shape: (9584630, 33, 9) — saved to /scratch/at7095/mortgage_prepayment/data/sequences_oos
  OOS prepay rate: 1.07% | timestep coverage: 100,023/102,119

Done. All sequences saved to /scratch/at7095/mortgage_prepayment/data/sequences_extended
