
=== Cohort 'pre2020': 28 files ===
  Pass 0: global last appearance per loan...
    [1/28] 2013Q1.csv 63,834,084 rows
    [2/28] 2013Q2.csv 59,357,736 rows
    [3/28] 2013Q3.csv 49,333,486 rows
    [4/28] 2013Q4.csv 28,484,281 rows
    [5/28] 2014Q1.csv 17,884,976 rows
    [6/28] 2014Q2.csv 20,587,058 rows
    [7/28] 2014Q3.csv 25,366,522 rows
    [8/28] 2014Q4.csv 26,249,438 rows
    [9/28] 2015Q1.csv 29,594,312 rows
    [10/28] 2015Q2.csv 34,938,526 rows
    [11/28] 2015Q3.csv 33,537,234 rows
    [12/28] 2015Q4.csv 28,085,043 rows
    [13/28] 2016Q1.csv 25,909,620 rows
    [14/28] 2016Q2.csv 35,319,151 rows
    [15/28] 2016Q3.csv 44,367,669 rows
    [16/28] 2016Q4.csv 46,980,454 rows
    [17/28] 2017Q1.csv 29,768,027 rows
    [18/28] 2017Q2.csv 27,216,358 rows
    [19/28] 2017Q3.csv 30,278,063 rows
    [20/28] 2017Q4.csv 28,166,492 rows
    [21/28] 2018Q1.csv 23,218,185 rows
    [22/28] 2018Q2.csv 19,764,254 rows
    [23/28] 2018Q3.csv 19,768,447 rows
    [24/28] 2018Q4.csv 15,388,602 rows
    [25/28] 2019Q1.csv 11,583,612 rows
    [26/28] 2019Q2.csv 14,118,594 rows
    [27/28] 2019Q3.csv 25,573,444 rows
    [28/28] 2019Q4.csv 27,530,400 rows
  Pass 0 done: 13,945,487 loans, 1,666,679 prepaid (11.95%)
  Pass 1: aggregating by refi-incentive bin (age<=33)...
    [1/28] 2013Q1.csv
    [2/28] 2013Q2.csv
    [3/28] 2013Q3.csv
    [4/28] 2013Q4.csv
    [5/28] 2014Q1.csv
    [6/28] 2014Q2.csv
    [7/28] 2014Q3.csv
    [8/28] 2014Q4.csv
    [9/28] 2015Q1.csv
    [10/28] 2015Q2.csv
    [11/28] 2015Q3.csv
    [12/28] 2015Q4.csv
    [13/28] 2016Q1.csv
    [14/28] 2016Q2.csv
    [15/28] 2016Q3.csv
    [16/28] 2016Q4.csv
    [17/28] 2017Q1.csv
    [18/28] 2017Q2.csv
    [19/28] 2017Q3.csv
    [20/28] 2017Q4.csv
    [21/28] 2018Q1.csv
    [22/28] 2018Q2.csv
    [23/28] 2018Q3.csv
    [24/28] 2018Q4.csv
    [25/28] 2019Q1.csv
    [26/28] 2019Q2.csv
    [27/28] 2019Q3.csv
    [28/28] 2019Q4.csv

=== Cohort 'boom': 21 files ===
  Pass 0: global last appearance per loan...
    [1/21] 2018Q1.csv 23,218,185 rows
    [2/21] 2018Q2.csv 19,764,254 rows
    [3/21] 2018Q3.csv 19,768,447 rows
    [4/21] 2018Q4.csv 15,388,602 rows
    [5/21] 2019Q1.csv 11,583,612 rows
    [6/21] 2019Q2.csv 14,118,594 rows
    [7/21] 2019Q3.csv 25,573,444 rows
    [8/21] 2019Q4.csv 27,530,400 rows
    [9/21] 2020Q1.csv 25,958,052 rows
    [10/21] 2020Q2.csv 55,470,689 rows
    [11/21] 2020Q3.csv 68,262,286 rows
    [12/21] 2020Q4.csv 76,639,950 rows
    [13/21] 2021Q1.csv 70,109,550 rows
    [14/21] 2021Q2.csv 62,628,426 rows
    [15/21] 2021Q3.csv 47,545,268 rows
    [16/21] 2021Q4.csv 44,277,047 rows
    [17/21] 2022Q1.csv 34,766,113 rows
    [18/21] 2022Q2.csv 23,286,920 rows
    [19/21] 2022Q3.csv 14,314,592 rows
    [20/21] 2022Q4.csv 9,528,998 rows
    [21/21] 2023Q1.csv 6,213,667 rows
  Pass 0 done: 15,770,958 loans, 1,091,821 prepaid (6.92%)
  Pass 1: aggregating by refi-incentive bin (age<=33)...
    [1/21] 2018Q1.csv
    [2/21] 2018Q2.csv
    [3/21] 2018Q3.csv
    [4/21] 2018Q4.csv
    [5/21] 2019Q1.csv
    [6/21] 2019Q2.csv
    [7/21] 2019Q3.csv
    [8/21] 2019Q4.csv
    [9/21] 2020Q1.csv
    [10/21] 2020Q2.csv
    [11/21] 2020Q3.csv
    [12/21] 2020Q4.csv
    [13/21] 2021Q1.csv
    [14/21] 2021Q2.csv
    [15/21] 2021Q3.csv
    [16/21] 2021Q4.csv
    [17/21] 2022Q1.csv
    [18/21] 2022Q2.csv
    [19/21] 2022Q3.csv
    [20/21] 2022Q4.csv
    [21/21] 2023Q1.csv

Saved: /scratch/at7095/mortgage_prepayment/outputs/realized_cpr_by_refi_v1.csv

=== Realized CPR by refi-incentive bin (age<=33) ===

Cohort: pre2020
refi_bin  n_atrisk  n_prepay      cpr
   <-1.5   7373437      2369 0.003849
-1.5..-1  24762006     11670 0.005641
-1..-0.5  59166136     47497 0.009591
 -0.5..0  87797926    103096 0.014000
  0..0.5  92361241    215644 0.027660
  0.5..1  71946429    107311 0.017752
  1..1.5  34616192     25199 0.008701
  1.5..2  14611226      1992 0.001635
      >2   8616929        40 0.000056

Cohort: boom
refi_bin  n_atrisk  n_prepay      cpr
   <-1.5 197903617         4 0.000000
-1.5..-1  19762793       215 0.000131
-1..-0.5  28111525      4658 0.001987
 -0.5..0  54463435     40278 0.008838
  0..0.5  61792010     79124 0.015258
  0.5..1  43992750     28547 0.007759
  1..1.5  25915346      9272 0.004285
  1.5..2  14197432       824 0.000696
      >2   9068711         5 0.000007
