Found 21 vintage files

Pass 0: finding global last appearance per loan across all files...
  [1/21] 2018Q1.csv 23,218,185 rows
  [2/21] 2018Q2.csv 19,764,254 rows
  [3/21] 2018Q3.csv 19,768,447 rows
  [4/21] 2018Q4.csv 15,388,602 rows
  [5/21] 2019Q1.csv 11,583,612 rows
  [6/21] 2019Q2.csv 14,118,594 rows
  [7/21] 2019Q3.csv 25,573,444 rows
  [8/21] 2019Q4.csv 27,530,400 rows
  [9/21] 2020Q1.csv 25,958,052 rows
  [10/21] 2020Q2.csv 55,470,689 rows
  [11/21] 2020Q3.csv 68,262,286 rows
  [12/21] 2020Q4.csv 76,639,950 rows
  [13/21] 2021Q1.csv 70,109,550 rows
  [14/21] 2021Q2.csv 62,628,426 rows
  [15/21] 2021Q3.csv 47,545,268 rows
  [16/21] 2021Q4.csv 44,277,047 rows
  [17/21] 2022Q1.csv 34,766,113 rows
  [18/21] 2022Q2.csv 23,286,920 rows
  [19/21] 2022Q3.csv 14,314,592 rows
  [20/21] 2022Q4.csv 9,528,998 rows
  [21/21] 2023Q1.csv 6,213,667 rows

Pass 0 done: 15,770,958 unique loans, 1,091,821 prepaid (6.92%)

Pass 1: aggregating at-risk and prepayments...
  [1/21] 2018Q1.csv
  [2/21] 2018Q2.csv
  [3/21] 2018Q3.csv
  [4/21] 2018Q4.csv
  [5/21] 2019Q1.csv
  [6/21] 2019Q2.csv
  [7/21] 2019Q3.csv
  [8/21] 2019Q4.csv
  [9/21] 2020Q1.csv
  [10/21] 2020Q2.csv
  [11/21] 2020Q3.csv
  [12/21] 2020Q4.csv
  [13/21] 2021Q1.csv
  [14/21] 2021Q2.csv
  [15/21] 2021Q3.csv
  [16/21] 2021Q4.csv
  [17/21] 2022Q1.csv
  [18/21] 2022Q2.csv
  [19/21] 2022Q3.csv
  [20/21] 2022Q4.csv
  [21/21] 2023Q1.csv

Building output...
Saved: /scratch/at7095/mortgage_prepayment/outputs/realized_cpr_by_coupon_v5.csv (1198 rows)

=== Summary by coupon ===
                    n_months  mean_cpr  max_cpr  min_cpr   mean_atrisk
implied_mbs_coupon                                                    
2.5                       96    0.0132   0.1000      0.0  2.768908e+06
3.0                       96    0.0198   0.2607      0.0  1.037384e+06
3.5                       96    0.0241   0.4030      0.0  9.649476e+05
4.0                       96    0.0277   0.6346      0.0  4.531249e+05
4.5                       96    0.0314   0.8140      0.0  5.695920e+05
5.0                       96    0.0320   0.8027      0.0  1.781546e+05
5.5                       96    0.0350   0.8647      0.0  1.443580e+05
6.0                       93    0.0367   0.8186      0.0  4.823291e+04
6.5                       92    0.0471   0.9998      0.0  3.179026e+04

=== CPR time series: coupon 4.0 (was most spiked) ===
      date  n_atrisk  n_prepay      cpr
2018-01-01     31094         0 0.000000
2018-02-01     63069        47 0.008906
2018-03-01    102856       121 0.014026
2018-04-01    147760       190 0.015322
2018-05-01    205506       375 0.021679
2018-06-01    260513       586 0.026661
2018-07-01    307077       776 0.029907
2018-08-01    356948      1012 0.033496
2018-09-01    397676       999 0.029732
2018-10-01    439602      1216 0.032693
2018-11-01    465609      1206 0.030643
2018-12-01    478602     38520 0.634650
2019-01-01    490366         0 0.000000
2019-02-01    507896        20 0.000472
2019-03-01    540011        82 0.001821
2019-04-01    581519       203 0.004181
2019-05-01    630308       440 0.008345
2019-06-01    677047       705 0.012424
2019-07-01    731422      1723 0.027905
2019-08-01    763946      2581 0.039797
2019-09-01    781946      4225 0.062946
2019-10-01    783089      5635 0.083013
2019-11-01    781326      4872 0.072313
2019-12-01    785226     14044 0.194721
2020-01-01    788604         0 0.000000
2020-02-01    791615        42 0.000636
2020-03-01    789471       120 0.001822
2020-04-01    777491       231 0.003559
2020-05-01    751384       382 0.006084
2020-06-01    724244       655 0.010799
2020-07-01    694564      1132 0.019383
2020-08-01    667307      1326 0.023586
2020-09-01    641433      1623 0.029944
2020-10-01    614979      1940 0.037205
2020-11-01    587356      1934 0.038805
2020-12-01    563384     26520 0.439317
2021-01-01    537925         0 0.000000
2021-02-01    516694         1 0.000023
2021-03-01    495149        15 0.000363
2021-04-01    469258        13 0.000332
2021-05-01    448841        23 0.000615
2021-06-01    432961        39 0.001080
2021-07-01    416766        72 0.002071
2021-08-01    403708        98 0.002909
2021-09-01    390101       143 0.004390
2021-10-01    377925       208 0.006585
2021-11-01    366240       257 0.008388
2021-12-01    356207     10900 0.311292
2022-01-01    348240         0 0.000000
2022-02-01    343920        15 0.000523
2022-03-01    353611        39 0.001323
2022-04-01    378560        95 0.003007
2022-05-01    406072       172 0.005071
2022-06-01    419908       271 0.007717
2022-07-01    423504       318 0.008973
2022-08-01    424995       388 0.010901
2022-09-01    427279       385 0.010759
2022-10-01    428488       372 0.010368
2022-11-01    427780       347 0.009691
2022-12-01    426460      2269 0.062011
2023-01-01    424785         0 0.000000
2023-02-01    423463         2 0.000057
2023-03-01    422009         6 0.000171
2023-04-01    419435         1 0.000029
2023-05-01    417006         3 0.000086
2023-06-01    414128         3 0.000087
2023-07-01    411264         4 0.000117
2023-08-01    408872         3 0.000088
2023-09-01    406254         4 0.000118
2023-10-01    403991         3 0.000089
2023-11-01    401838         2 0.000060
2023-12-01    399985      1835 0.053684
2024-01-01    398150         0 0.000000
2024-02-01    396517         0 0.000000
2024-03-01    394751         0 0.000000
2024-04-01    392642         0 0.000000
2024-05-01    390252         0 0.000000
2024-06-01    387735         0 0.000000
2024-07-01    384995         0 0.000000
2024-08-01    382546         0 0.000000
2024-09-01    380234         0 0.000000
2024-10-01    378151         0 0.000000
2024-11-01    375719         0 0.000000
2024-12-01    373663      2093 0.065183
2025-01-01    371570         0 0.000000
2025-02-01    369865         0 0.000000
2025-03-01    368115         0 0.000000
2025-04-01    366001         0 0.000000
2025-05-01    363766         0 0.000000
2025-06-01    361421         0 0.000000
2025-07-01    359079         0 0.000000
2025-08-01    356739         0 0.000000
2025-09-01    354529         0 0.000000
2025-10-01    307695         0 0.000000
2025-11-01    305749         0 0.000000
2025-12-01    304235      1852 0.070652

=== Validation ===
Peak CPR for 4.0%: 0.6346 in Dec 2018
Expected: peak in 2020-2021 (refi boom), NOT 2018-2019
Max CPR in 2018: 0.6346 (should be low, <10%)
