Found 9 files

[1/9] 2020Q1.csv
  Pass 1: finding prepayment months...
  Pass 1 done: 144,926 prepaid, 538,816 right-censored
  Pass 2: aggregating...
  Pass 2 done
[2/9] 2020Q2.csv
  Pass 1: finding prepayment months...
  Pass 1 done: 115,179 prepaid, 1,120,588 right-censored
  Pass 2: aggregating...
  Pass 2 done
[3/9] 2020Q3.csv
  Pass 1: finding prepayment months...
  Pass 1 done: 45,622 prepaid, 1,338,655 right-censored
  Pass 2: aggregating...
  Pass 2 done
[4/9] 2020Q4.csv
  Pass 1: finding prepayment months...
  Pass 1 done: 28,309 prepaid, 1,485,552 right-censored
  Pass 2: aggregating...
  Pass 2 done
[5/9] 2021Q1.csv
  Pass 1: finding prepayment months...
  Pass 1 done: 87,188 prepaid, 1,326,202 right-censored
  Pass 2: aggregating...
  Pass 2 done
[6/9] 2021Q2.csv
  Pass 1: finding prepayment months...
  Pass 1 done: 55,561 prepaid, 1,260,654 right-censored
  Pass 2: aggregating...
  Pass 2 done
[7/9] 2021Q3.csv
  Pass 1: finding prepayment months...
  Pass 1 done: 20,038 prepaid, 1,019,013 right-censored
  Pass 2: aggregating...
  Pass 2 done
[8/9] 2021Q4.csv
  Pass 1: finding prepayment months...
  Pass 1 done: 10,392 prepaid, 1,003,044 right-censored
  Pass 2: aggregating...
  Pass 2 done
[9/9] 2023Q1.csv
  Pass 1: finding prepayment months...
  Pass 1 done: 10,555 prepaid, 200,255 right-censored
  Pass 2: aggregating...
  Pass 2 done

Building output...
Saved: /scratch/at7095/mortgage_prepayment/outputs/realized_cpr_by_coupon_v4.csv (875 rows)

=== Summary by coupon ===
                    n_months  mean_cpr  max_cpr  min_cpr   mean_atrisk
implied_mbs_coupon                                                    
2.5                       69    0.0116   0.0951      0.0  3.540309e+06
3.0                       69    0.0205   0.2223      0.0  1.087028e+06
3.5                       69    0.0310   0.3257      0.0  4.230257e+05
4.0                       69    0.0351   0.3297      0.0  5.512990e+04
4.5                       69    0.0361   0.3146      0.0  3.732132e+04
5.0                       69    0.0420   0.3305      0.0  1.064358e+04
5.5                       69    0.0495   0.4050      0.0  3.125213e+04
6.0                       69    0.0242   0.2802      0.0  2.435874e+04
6.5                       33    0.0252   0.1121      0.0  3.428173e+04

=== CPR time series: coupon 3.5 ===
      date  n_atrisk  n_prepay      smm      cpr
2020-01-01    116990         0 0.000000 0.000000
2020-02-01    225469       169 0.000750 0.008958
2020-03-01    334310       532 0.001591 0.018930
2020-04-01    410428      1283 0.003126 0.036874
2020-05-01    452917      1970 0.004350 0.050964
2020-06-01    496589      3678 0.007407 0.085346
2020-07-01    532577      6829 0.012823 0.143470
2020-08-01    556761      9823 0.017643 0.192335
2020-09-01    559480     12493 0.022330 0.237378
2020-10-01    555339     14831 0.026706 0.277351
2020-11-01    547817     14329 0.026157 0.272438
2020-12-01    537676     17373 0.032311 0.325739
2021-01-01    523912         0 0.000000 0.000000
2021-02-01    509494        10 0.000020 0.000236
2021-03-01    493289        37 0.000075 0.000900
2021-04-01    479560        48 0.000100 0.001200
2021-05-01    481255        78 0.000162 0.001943
2021-06-01    484544       163 0.000336 0.004029
2021-07-01    482443       281 0.000582 0.006967
2021-08-01    482321       433 0.000898 0.010720
2021-09-01    477647       581 0.001216 0.014499
2021-10-01    473244       797 0.001684 0.020023
2021-11-01    473192       970 0.002050 0.024323
2021-12-01    483345     10759 0.022259 0.236721
2022-01-01    472587         0 0.000000 0.000000
2022-02-01    464246         0 0.000000 0.000000
2022-03-01    457143         0 0.000000 0.000000
2022-04-01    449648         0 0.000000 0.000000
2022-05-01    443825         0 0.000000 0.000000
2022-06-01    438809         0 0.000000 0.000000
2022-07-01    434121         0 0.000000 0.000000
2022-08-01    430426         0 0.000000 0.000000
2022-09-01    426648         0 0.000000 0.000000
2022-10-01    423489         0 0.000000 0.000000
2022-11-01    420814         0 0.000000 0.000000
2022-12-01    418662      1988 0.004748 0.055517
2023-01-01    417135         0 0.000000 0.000000
2023-02-01    415989         1 0.000002 0.000029
2023-03-01    414855         3 0.000007 0.000087
2023-04-01    412501         5 0.000012 0.000145
2023-05-01    410387         5 0.000012 0.000146
2023-06-01    407879         1 0.000002 0.000029
2023-07-01    405351         3 0.000007 0.000089
2023-08-01    403075         3 0.000007 0.000089
2023-09-01    400676         3 0.000007 0.000090
2023-10-01    398694         1 0.000003 0.000030
2023-11-01    396720         2 0.000005 0.000060
2023-12-01    395058      1585 0.004012 0.047097
2024-01-01    393473         0 0.000000 0.000000
2024-02-01    392053         0 0.000000 0.000000
2024-03-01    390416         0 0.000000 0.000000
2024-04-01    388550         0 0.000000 0.000000
2024-05-01    386405         0 0.000000 0.000000
2024-06-01    384154         0 0.000000 0.000000
2024-07-01    381971         0 0.000000 0.000000
2024-08-01    379749         0 0.000000 0.000000
2024-09-01    377565         0 0.000000 0.000000
2024-10-01    375704         0 0.000000 0.000000
2024-11-01    373634         0 0.000000 0.000000
2024-12-01    371810      1941 0.005220 0.060877
2025-01-01    369869         0 0.000000 0.000000
2025-02-01    368262         0 0.000000 0.000000
2025-03-01    366832         0 0.000000 0.000000
2025-04-01    365024         0 0.000000 0.000000
2025-05-01    362966         0 0.000000 0.000000
2025-06-01    360916         0 0.000000 0.000000
2025-07-01    358798         0 0.000000 0.000000
2025-08-01    356635         0 0.000000 0.000000
2025-09-01    354653         0 0.000000 0.000000

=== Validation ===
Peak CPR for 3.5%: 0.3257 in Dec 2020
Expected: peak mid-2020 to mid-2021 (refi boom)
Post-2022 trough: 0.0000 in Jun 2022
Expected: much lower than peak (rate rise kills refi)
