Found 21 files

[1/21] 2018Q1.csv
  Pass 1: finding prepayment months...
  Pass 1 done: 42,500 prepaid, 416,330 right-censored
  Pass 2: aggregating...
  Pass 2 done
[2/21] 2018Q2.csv
  Pass 1: finding prepayment months...
  Pass 1 done: 36,080 prepaid, 418,501 right-censored
  Pass 2: aggregating...
  Pass 2 done
[3/21] 2018Q3.csv
  Pass 1: finding prepayment months...
  Pass 1 done: 120,970 prepaid, 379,048 right-censored
  Pass 2: aggregating...
  Pass 2 done
[4/21] 2018Q4.csv
  Pass 1: finding prepayment months...
  Pass 1 done: 103,338 prepaid, 317,702 right-censored
  Pass 2: aggregating...
  Pass 2 done
[5/21] 2019Q1.csv
  Pass 1: finding prepayment months...
  Pass 1 done: 74,710 prepaid, 267,155 right-censored
  Pass 2: aggregating...
  Pass 2 done
[6/21] 2019Q2.csv
  Pass 1: finding prepayment months...
  Pass 1 done: 52,120 prepaid, 355,269 right-censored
  Pass 2: aggregating...
  Pass 2 done
[7/21] 2019Q3.csv
  Pass 1: finding prepayment months...
  Pass 1 done: 43,776 prepaid, 629,886 right-censored
  Pass 2: aggregating...
  Pass 2 done
[8/21] 2019Q4.csv
  Pass 1: finding prepayment months...
  Pass 1 done: 39,454 prepaid, 650,564 right-censored
  Pass 2: aggregating...
  Pass 2 done
[9/21] 2020Q1.csv
  Pass 1: finding prepayment months...
  Pass 1 done: 144,926 prepaid, 538,816 right-censored
  Pass 2: aggregating...
  Pass 2 done
[10/21] 2020Q2.csv
  Pass 1: finding prepayment months...
  Pass 1 done: 115,179 prepaid, 1,120,588 right-censored
  Pass 2: aggregating...
  Pass 2 done
[11/21] 2020Q3.csv
  Pass 1: finding prepayment months...
  Pass 1 done: 45,622 prepaid, 1,338,655 right-censored
  Pass 2: aggregating...
  Pass 2 done
[12/21] 2020Q4.csv
  Pass 1: finding prepayment months...
  Pass 1 done: 28,309 prepaid, 1,485,552 right-censored
  Pass 2: aggregating...
  Pass 2 done
[13/21] 2021Q1.csv
  Pass 1: finding prepayment months...
  Pass 1 done: 87,188 prepaid, 1,326,202 right-censored
  Pass 2: aggregating...
  Pass 2 done
[14/21] 2021Q2.csv
  Pass 1: finding prepayment months...
  Pass 1 done: 55,561 prepaid, 1,260,654 right-censored
  Pass 2: aggregating...
  Pass 2 done
[15/21] 2021Q3.csv
  Pass 1: finding prepayment months...
  Pass 1 done: 20,038 prepaid, 1,019,013 right-censored
  Pass 2: aggregating...
  Pass 2 done
[16/21] 2021Q4.csv
  Pass 1: finding prepayment months...
  Pass 1 done: 10,392 prepaid, 1,003,044 right-censored
  Pass 2: aggregating...
  Pass 2 done
[17/21] 2022Q1.csv
  Pass 1: finding prepayment months...
  Pass 1 done: 30,200 prepaid, 763,618 right-censored
  Pass 2: aggregating...
  Pass 2 done
[18/21] 2022Q2.csv
  Pass 1: finding prepayment months...
  Pass 1 done: 16,139 prepaid, 551,474 right-censored
  Pass 2: aggregating...
  Pass 2 done
[19/21] 2022Q3.csv
  Pass 1: finding prepayment months...
  Pass 1 done: 9,138 prepaid, 368,775 right-censored
  Pass 2: aggregating...
  Pass 2 done
[20/21] 2022Q4.csv
  Pass 1: finding prepayment months...
  Pass 1 done: 5,626 prepaid, 268,036 right-censored
  Pass 2: aggregating...
  Pass 2 done
[21/21] 2023Q1.csv
  Pass 1: finding prepayment months...
  Pass 1 done: 10,555 prepaid, 200,255 right-censored
  Pass 2: aggregating...
  Pass 2 done

Building output...
Saved: /scratch/at7095/mortgage_prepayment/outputs/realized_cpr_by_coupon_v4.csv (1198 rows)

=== Summary by coupon ===
                    n_months  mean_cpr  max_cpr  min_cpr   mean_atrisk
implied_mbs_coupon                                                    
2.5                       96    0.0132   0.1000      0.0  2.768902e+06
3.0                       96    0.0198   0.2607      0.0  1.037392e+06
3.5                       96    0.0241   0.4030      0.0  9.649475e+05
4.0                       96    0.0277   0.6347      0.0  4.531230e+05
4.5                       96    0.0314   0.8140      0.0  5.695943e+05
5.0                       96    0.0320   0.8027      0.0  1.781537e+05
5.5                       96    0.0350   0.8647      0.0  1.443589e+05
6.0                       93    0.0367   0.8186      0.0  4.823291e+04
6.5                       92    0.0471   0.9998      0.0  3.179026e+04

=== CPR time series: coupon 3.5 ===
      date  n_atrisk  n_prepay          smm      cpr
2018-01-01     94889         0 0.000000e+00 0.000000
2018-02-01    179237       112 6.248700e-04 0.007473
2018-03-01    240568       284 1.180540e-03 0.014075
2018-04-01    275868       423 1.533340e-03 0.018246
2018-05-01    300108       703 2.342490e-03 0.027751
2018-06-01    318415       805 2.528150e-03 0.029919
2018-07-01    331158      1020 3.080100e-03 0.036341
2018-08-01    343207      1144 3.333270e-03 0.039274
2018-09-01    351932      1042 2.960800e-03 0.034957
2018-10-01    361976      1232 3.403540e-03 0.040087
2018-11-01    367932      1163 3.160910e-03 0.037278
2018-12-01    371542      9084 2.444946e-02 0.256985
2019-01-01    374748         0 0.000000e+00 0.000000
2019-02-01    380640         5 1.314000e-05 0.000158
2019-03-01    393248        25 6.357000e-05 0.000763
2019-04-01    410828        60 1.460500e-04 0.001751
2019-05-01    450373       115 2.553400e-04 0.003060
2019-06-01    502888       295 5.866100e-04 0.007017
2019-07-01    597072       723 1.210910e-03 0.014435
2019-08-01    713702      1183 1.657550e-03 0.019710
2019-09-01    830332      2393 2.881980e-03 0.034041
2019-10-01    928778      3316 3.570280e-03 0.042012
2019-11-01   1026771      3193 3.109750e-03 0.036685
2019-12-01   1137850      8859 7.785740e-03 0.089530
2020-01-01   1245981         0 0.000000e+00 0.000000
2020-02-01   1345704       169 1.255800e-04 0.001506
2020-03-01   1441756       532 3.689900e-04 0.004419
2020-04-01   1494694      1283 8.583700e-04 0.010252
2020-05-01   1505484      1970 1.308550e-03 0.015590
2020-06-01   1519148      3678 2.421090e-03 0.028669
2020-07-01   1519659      6829 4.493770e-03 0.052612
2020-08-01   1507145      9823 6.517620e-03 0.075468
2020-09-01   1472269     12493 8.485540e-03 0.097206
2020-10-01   1427558     14831 1.038907e-02 0.117786
2020-11-01   1378228     14329 1.039668e-02 0.117868
2020-12-01   1332189     56057 4.207886e-02 0.403024
2021-01-01   1279741         0 0.000000e+00 0.000000
2021-02-01   1232449        10 8.110000e-06 0.000097
2021-03-01   1183070        37 3.127000e-05 0.000375
2021-04-01   1132039        48 4.240000e-05 0.000509
2021-05-01   1106932        78 7.047000e-05 0.000845
2021-06-01   1089168       163 1.496600e-04 0.001794
2021-07-01   1064776       281 2.639100e-04 0.003162
2021-08-01   1044912       433 4.143900e-04 0.004961
2021-09-01   1019237       581 5.700300e-04 0.006819
2021-10-01    994338       797 8.015400e-04 0.009576
2021-11-01    975979       970 9.938700e-04 0.011862
2021-12-01    970027     24740 2.550444e-02 0.266571
2022-01-01    969133         0 0.000000e+00 0.000000
2022-02-01    986089        74 7.504000e-05 0.000900
2022-03-01   1064543       190 1.784800e-04 0.002140
2022-04-01   1142749       426 3.727900e-04 0.004464
2022-05-01   1184036       629 5.312300e-04 0.006356
2022-06-01   1196369       846 7.071400e-04 0.008453
2022-07-01   1194212       892 7.469400e-04 0.008927
2022-08-01   1189424       978 8.222500e-04 0.009822
2022-09-01   1183246      1047 8.848500e-04 0.010567
2022-10-01   1177901      1018 8.642500e-04 0.010322
2022-11-01   1172829       867 7.392400e-04 0.008835
2022-12-01   1168210      5073 4.342540e-03 0.050884
2023-01-01   1163598         0 0.000000e+00 0.000000
2023-02-01   1159885         1 8.600000e-07 0.000010
2023-03-01   1155763         3 2.600000e-06 0.000031
2023-04-01   1149637         5 4.350000e-06 0.000052
2023-05-01   1144106         5 4.370000e-06 0.000052
2023-06-01   1137293         1 8.800000e-07 0.000011
2023-07-01   1130451         3 2.650000e-06 0.000032
2023-08-01   1124326         3 2.670000e-06 0.000032
2023-09-01   1117904         3 2.680000e-06 0.000032
2023-10-01   1112660         1 9.000000e-07 0.000011
2023-11-01   1107499         2 1.810000e-06 0.000022
2023-12-01   1103115      4293 3.891710e-03 0.045714
2024-01-01   1098822         0 0.000000e+00 0.000000
2024-02-01   1094828         0 0.000000e+00 0.000000
2024-03-01   1090376         0 0.000000e+00 0.000000
2024-04-01   1085161         0 0.000000e+00 0.000000
2024-05-01   1079290         0 0.000000e+00 0.000000
2024-06-01   1072915         0 0.000000e+00 0.000000
2024-07-01   1066666         0 0.000000e+00 0.000000
2024-08-01   1060486         0 0.000000e+00 0.000000
2024-09-01   1054517         0 0.000000e+00 0.000000
2024-10-01   1049316         0 0.000000e+00 0.000000
2024-11-01   1043499         0 0.000000e+00 0.000000
2024-12-01   1038377      5294 5.098340e-03 0.059493
2025-01-01   1033083         0 0.000000e+00 0.000000
2025-02-01   1028698         0 0.000000e+00 0.000000
2025-03-01   1024482         0 0.000000e+00 0.000000
2025-04-01   1019258         0 0.000000e+00 0.000000
2025-05-01   1013624         0 0.000000e+00 0.000000
2025-06-01   1007721         0 0.000000e+00 0.000000
2025-07-01   1001647         0 0.000000e+00 0.000000
2025-08-01    995556         0 0.000000e+00 0.000000
2025-09-01    989968         0 0.000000e+00 0.000000
2025-10-01    631796         0 0.000000e+00 0.000000
2025-11-01    628117         0 0.000000e+00 0.000000
2025-12-01    625238      3351 5.359560e-03 0.062452

=== Validation ===
Peak CPR for 3.5%: 0.4030 in Dec 2020
Expected: peak mid-2020 to mid-2021 (refi boom)
Post-2022 trough: 0.0000 in Jan 2023
Expected: much lower than peak (rate rise kills refi)
