[cols] {'original_interest_rate': 7, 'monthly_reporting_period': 2, 'extra_13': 106} positions [2, 7, 106]
[files] 9 vintages
  2020Q1.csv   rows=  25958052 prepays=  810188
  2020Q2.csv   rows=  55470689 prepays=  544491
  2020Q3.csv   rows=  68262286 prepays=  321983
  2020Q4.csv   rows=  76639950 prepays=  278171
  2021Q1.csv   rows=  70109550 prepays=  214890
  2021Q2.csv   rows=  62628426 prepays=  201150
  2021Q3.csv   rows=  47545268 prepays=  179400
  2021Q4.csv   rows=  44277047 prepays=  155957
  2023Q1.csv   rows=   6213667 prepays=   14949

[saved] (875 cells)

[summary] at-risk-weighted mean CPR by coupon bucket:
  note  1.5% (MBS~1.00%): meanCPR=0.0000  atrisk=       1091
  note  2.0% (MBS~1.50%): meanCPR=0.0124  atrisk=   24275348
  note  2.5% (MBS~2.00%): meanCPR=0.0209  atrisk=   71826661
  note  3.0% (MBS~2.50%): meanCPR=0.0447  atrisk=  244281769
  note  3.5% (MBS~3.00%): meanCPR=0.1093  atrisk=   75004329
  note  4.0% (MBS~3.50%): meanCPR=0.2390  atrisk=   29188854
  note  4.5% (MBS~4.00%): meanCPR=0.3078  atrisk=    3803917
  note  5.0% (MBS~4.50%): meanCPR=0.3106  atrisk=    2575105
  note  5.5% (MBS~5.00%): meanCPR=0.1826  atrisk=     734407
  note  6.0% (MBS~5.50%): meanCPR=0.0431  atrisk=    2156397
  note  6.5% (MBS~6.00%): meanCPR=0.0290  atrisk=    1680753
  note  7.0% (MBS~6.50%): meanCPR=0.0410  atrisk=    1131297
  note  7.5% (MBS~7.00%): meanCPR=0.0422  atrisk=     388322
  note  8.0% (MBS~7.50%): meanCPR=0.0289  atrisk=      56551
  note  8.5% (MBS~8.00%): meanCPR=0.0000  atrisk=        134
