Found 13 files

[1/13] 2020Q1.csv
  Pass 1: finding prepayment months...
  Pass 1 done: 144,926 prepaid, 538,816 right-censored
  Pass 2: aggregating...
  Pass 2 done
[2/13] 2020Q2.csv
  Pass 1: finding prepayment months...
  Pass 1 done: 115,179 prepaid, 1,120,588 right-censored
  Pass 2: aggregating...
  Pass 2 done
[3/13] 2020Q3.csv
  Pass 1: finding prepayment months...
  Pass 1 done: 45,622 prepaid, 1,338,655 right-censored
  Pass 2: aggregating...
  Pass 2 done
[4/13] 2020Q4.csv
  Pass 1: finding prepayment months...
  Pass 1 done: 28,309 prepaid, 1,485,552 right-censored
  Pass 2: aggregating...
  Pass 2 done
[5/13] 2021Q1.csv
  Pass 1: finding prepayment months...
  Pass 1 done: 87,188 prepaid, 1,326,202 right-censored
  Pass 2: aggregating...
  Pass 2 done
[6/13] 2021Q2.csv
  Pass 1: finding prepayment months...
  Pass 1 done: 55,561 prepaid, 1,260,654 right-censored
  Pass 2: aggregating...
  Pass 2 done
[7/13] 2021Q3.csv
  Pass 1: finding prepayment months...
  Pass 1 done: 20,038 prepaid, 1,019,013 right-censored
  Pass 2: aggregating...
  Pass 2 done
[8/13] 2021Q4.csv
  Pass 1: finding prepayment months...
  Pass 1 done: 10,392 prepaid, 1,003,044 right-censored
  Pass 2: aggregating...
  Pass 2 done
[9/13] 2022Q1.csv
  Pass 1: finding prepayment months...
  Pass 1 done: 30,200 prepaid, 763,618 right-censored
  Pass 2: aggregating...
  Pass 2 done
[10/13] 2022Q2.csv
  Pass 1: finding prepayment months...
  Pass 1 done: 16,139 prepaid, 551,474 right-censored
  Pass 2: aggregating...
  Pass 2 done
[11/13] 2022Q3.csv
  Pass 1: finding prepayment months...
  Pass 1 done: 9,138 prepaid, 368,775 right-censored
  Pass 2: aggregating...
  Pass 2 done
[12/13] 2022Q4.csv
  Pass 1: finding prepayment months...
  Pass 1 done: 5,626 prepaid, 268,036 right-censored
  Pass 2: aggregating...
  Pass 2 done
[13/13] 2023Q1.csv
  Pass 1: finding prepayment months...
  Pass 1 done: 10,555 prepaid, 200,255 right-censored
  Pass 2: aggregating...
  Pass 2 done

Building output...
Saved: /scratch/at7095/mortgage_prepayment/outputs/realized_cpr_by_coupon_v4.csv (933 rows)

=== Summary by coupon ===
                    n_months  mean_cpr  max_cpr  min_cpr   mean_atrisk
implied_mbs_coupon                                                    
2.5                       72    0.0121   0.0951      0.0  3.620517e+06
3.0                       72    0.0209   0.2223      0.0  1.191225e+06
3.5                       72    0.0317   0.3257      0.0  6.069950e+05
4.0                       72    0.0361   0.3297      0.0  1.299714e+05
4.5                       72    0.0359   0.3146      0.0  1.845439e+05
5.0                       72    0.0392   0.3305      0.0  1.178375e+05
5.5                       72    0.0466   0.4050      0.0  1.294043e+05
6.0                       72    0.0242   0.2802      0.0  5.846500e+04
6.5                       44    0.0185   0.1867      0.0  6.641261e+04

=== CPR time series: coupon 3.5 ===
      date  n_atrisk  n_prepay      smm      cpr
2020-01-01    116990         0 0.000000 0.000000
2020-02-01    225469       169 0.000750 0.008958
2020-03-01    334310       532 0.001591 0.018930
2020-04-01    410428      1283 0.003126 0.036874
2020-05-01    452917      1970 0.004350 0.050964
2020-06-01    496589      3678 0.007407 0.085346
2020-07-01    532577      6829 0.012823 0.143470
2020-08-01    556761      9823 0.017643 0.192335
2020-09-01    559480     12493 0.022330 0.237378
2020-10-01    555339     14831 0.026706 0.277351
2020-11-01    547817     14329 0.026157 0.272438
2020-12-01    537676     17373 0.032311 0.325739
2021-01-01    523912         0 0.000000 0.000000
2021-02-01    509494        10 0.000020 0.000236
2021-03-01    493289        37 0.000075 0.000900
2021-04-01    479560        48 0.000100 0.001200
2021-05-01    481255        78 0.000162 0.001943
2021-06-01    484544       163 0.000336 0.004029
2021-07-01    482443       281 0.000582 0.006967
2021-08-01    482321       433 0.000898 0.010720
2021-09-01    477647       581 0.001216 0.014499
2021-10-01    473244       797 0.001684 0.020023
2021-11-01    473192       970 0.002050 0.024323
2021-12-01    483345     10759 0.022259 0.236721
2022-01-01    496432         0 0.000000 0.000000
2022-02-01    523735        74 0.000141 0.001694
2022-03-01    610945       190 0.000311 0.003726
2022-04-01    697869       426 0.000610 0.007301
2022-05-01    745615       629 0.000844 0.010076
2022-06-01    763438       846 0.001108 0.013217
2022-07-01    766530       892 0.001164 0.013875
2022-08-01    765998       978 0.001277 0.015214
2022-09-01    764160      1047 0.001370 0.016318
2022-10-01    762226      1018 0.001336 0.015910
2022-11-01    760059       867 0.001141 0.013603
2022-12-01    757864      2859 0.003772 0.044342
2023-01-01    755466         0 0.000000 0.000000
2023-02-01    753556         1 0.000001 0.000016
2023-03-01    751507         3 0.000004 0.000048
2023-04-01    747880         5 0.000007 0.000080
2023-05-01    744650         5 0.000007 0.000081
2023-06-01    740679         1 0.000001 0.000016
2023-07-01    736710         3 0.000004 0.000049
2023-08-01    733085         3 0.000004 0.000049
2023-09-01    729199         3 0.000004 0.000049
2023-10-01    725988         1 0.000001 0.000017
2023-11-01    722947         2 0.000003 0.000033
2023-12-01    720302      2532 0.003515 0.041376
2024-01-01    717770         0 0.000000 0.000000
2024-02-01    715429         0 0.000000 0.000000
2024-03-01    712706         0 0.000000 0.000000
2024-04-01    709510         0 0.000000 0.000000
2024-05-01    705820         0 0.000000 0.000000
2024-06-01    701907         0 0.000000 0.000000
2024-07-01    698195         0 0.000000 0.000000
2024-08-01    694328         0 0.000000 0.000000
2024-09-01    690582         0 0.000000 0.000000
2024-10-01    687367         0 0.000000 0.000000
2024-11-01    683792         0 0.000000 0.000000
2024-12-01    680601      3308 0.004860 0.056791
2025-01-01    677293         0 0.000000 0.000000
2025-02-01    674553         0 0.000000 0.000000
2025-03-01    671935         0 0.000000 0.000000
2025-04-01    668639         0 0.000000 0.000000
2025-05-01    665040         0 0.000000 0.000000
2025-06-01    661295         0 0.000000 0.000000
2025-07-01    657487         0 0.000000 0.000000
2025-08-01    653680         0 0.000000 0.000000
2025-09-01    650232         0 0.000000 0.000000
2025-10-01    294053         0 0.000000 0.000000
2025-11-01    292594         0 0.000000 0.000000
2025-12-01    291392      1430 0.004907 0.057326

=== Validation ===
Peak CPR for 3.5%: 0.3257 in Dec 2020
Expected: peak mid-2020 to mid-2021 (refi boom)
Post-2022 trough: 0.0000 in Jan 2023
Expected: much lower than peak (rate rise kills refi)
