Device: cuda
Loading sequences...
train_seq: (3917876, 33, 6), prepay: (3917876,)
test_seq:  (979469, 33, 6),  labels: (979469,)

Building hazard sampler...
  HazardSampler: 3,917,876 valid loans out of 3,917,876
  Prepaid loans: 40,716 (1.04%)
pos_weight: 29.1 (n_prepaid=40,716, avg_seq=29.1)

Training for 30 epochs × 10000 steps...
Epoch  1/30  loss=0.23095  auc=0.5294  t=256s
  → New best AUC: 0.5294 — saved.
Epoch  2/30  loss=0.22794  auc=0.5284  t=165s
Epoch  3/30  loss=0.22769  auc=0.5294  t=165s
Epoch  4/30  loss=0.22715  auc=0.5287  t=166s
Epoch  5/30  loss=0.22641  auc=0.5287  t=166s
Epoch  6/30  loss=0.22566  auc=0.5287  t=165s
Epoch  7/30  loss=0.22581  auc=0.5291  t=165s
Epoch  8/30  loss=0.22565  auc=0.5298  t=165s
  → New best AUC: 0.5298 — saved.
Epoch  9/30  loss=0.22677  auc=0.5287  t=165s
Epoch 10/30  loss=0.22624  auc=0.5287  t=165s
Epoch 11/30  loss=0.22560  auc=0.5308  t=165s
  → New best AUC: 0.5308 — saved.
Epoch 12/30  loss=0.22518  auc=0.5364  t=165s
  → New best AUC: 0.5364 — saved.
Epoch 13/30  loss=0.22580  auc=0.5428  t=165s
  → New best AUC: 0.5428 — saved.
Epoch 14/30  loss=0.22548  auc=0.5370  t=165s
Epoch 15/30  loss=0.22469  auc=0.5396  t=165s
Epoch 16/30  loss=0.22461  auc=0.5370  t=165s
Epoch 17/30  loss=0.22555  auc=0.5395  t=165s
Epoch 18/30  loss=0.22462  auc=0.5368  t=165s
Epoch 19/30  loss=0.22488  auc=0.5364  t=166s
Epoch 20/30  loss=0.22480  auc=0.5370  t=165s
Epoch 21/30  loss=0.22530  auc=0.5372  t=165s
Epoch 22/30  loss=0.22515  auc=0.5370  t=166s
Epoch 23/30  loss=0.22537  auc=0.5370  t=166s
Epoch 24/30  loss=0.22420  auc=0.5354  t=165s
Epoch 25/30  loss=0.22513  auc=0.5329  t=166s
Epoch 26/30  loss=0.22551  auc=0.5321  t=165s
Epoch 27/30  loss=0.22513  auc=0.5296  t=165s
Epoch 28/30  loss=0.22462  auc=0.5316  t=165s
Epoch 29/30  loss=0.22499  auc=0.5316  t=166s
Epoch 30/30  loss=0.22535  auc=0.5303  t=166s

Done. Best AUC: 0.5428
