Device: cuda
Loading sequences...
train_seq: (4720659, 33, 9), prepay: (4720659,)
test_seq:  (1180165, 33, 9),  labels: (1180165,)

Building hazard sampler...
  HazardSampler: 4,720,659 valid loans out of 4,720,659
  Prepaid loans: 49,005 (1.04%)
pos_weight: 1.0 (n_prepaid=49,005, avg_seq=29.4)

Training for 50 epochs × 10000 steps (start=1)...
Epoch  1/50  loss=0.28997  auc=0.7494  t=274s
  → New best AUC: 0.7494 — saved.
Epoch  2/50  loss=0.28554  auc=0.7281  t=173s
Epoch  3/50  loss=0.28465  auc=0.6971  t=176s
Epoch  4/50  loss=0.28441  auc=0.7564  t=174s
  → New best AUC: 0.7564 — saved.
Epoch  5/50  loss=0.28406  auc=0.6867  t=174s
Epoch  6/50  loss=0.28382  auc=0.7243  t=175s
Epoch  7/50  loss=0.28369  auc=0.7319  t=174s
Epoch  8/50  loss=0.28373  auc=0.7227  t=175s
Epoch  9/50  loss=0.28357  auc=0.6985  t=170s
Epoch 10/50  loss=0.28334  auc=0.7348  t=174s
Epoch 11/50  loss=0.28196  auc=0.7107  t=174s
Epoch 12/50  loss=0.28174  auc=0.7476  t=174s
Epoch 13/50  loss=0.28142  auc=0.7551  t=164s
Epoch 14/50  loss=0.28116  auc=0.7359  t=160s
Epoch 15/50  loss=0.28083  auc=0.7039  t=156s
Epoch 16/50  loss=0.28050  auc=0.7416  t=156s
Epoch 17/50  loss=0.27953  auc=0.7285  t=155s
Epoch 18/50  loss=0.27898  auc=0.7298  t=156s
Epoch 19/50  loss=0.27884  auc=0.7323  t=155s
Epoch 20/50  loss=0.27850  auc=0.7136  t=155s
Epoch 21/50  loss=0.27830  auc=0.7190  t=154s
Epoch 22/50  loss=0.27826  auc=0.7183  t=154s
Epoch 23/50  loss=0.27716  auc=0.7120  t=154s
Epoch 24/50  loss=0.27687  auc=0.7095  t=154s
Epoch 25/50  loss=0.27676  auc=0.7118  t=154s
Epoch 26/50  loss=0.27660  auc=0.7412  t=154s
Epoch 27/50  loss=0.27663  auc=0.7103  t=154s
Epoch 28/50  loss=0.27667  auc=0.7242  t=154s
Epoch 29/50  loss=0.27597  auc=0.7368  t=154s
Epoch 30/50  loss=0.27597  auc=0.7529  t=156s
Epoch 31/50  loss=0.27601  auc=0.7476  t=155s
Epoch 32/50  loss=0.27615  auc=0.7595  t=156s
  → New best AUC: 0.7595 — saved.
Epoch 33/50  loss=0.27649  auc=0.7633  t=156s
  → New best AUC: 0.7633 — saved.
Epoch 34/50  loss=0.27676  auc=0.7624  t=156s
Epoch 35/50  loss=0.27698  auc=0.7758  t=155s
  → New best AUC: 0.7758 — saved.
Epoch 36/50  loss=0.27725  auc=0.7883  t=155s
  → New best AUC: 0.7883 — saved.
Epoch 37/50  loss=0.27753  auc=0.7963  t=155s
  → New best AUC: 0.7963 — saved.
Epoch 38/50  loss=0.27773  auc=0.7809  t=156s
Epoch 39/50  loss=0.27813  auc=0.7805  t=155s
Epoch 40/50  loss=0.27852  auc=0.7860  t=156s
Epoch 41/50  loss=0.27899  auc=0.7886  t=155s
Epoch 42/50  loss=0.27935  auc=0.7857  t=155s
Epoch 43/50  loss=0.27985  auc=0.7888  t=155s
Epoch 44/50  loss=0.27888  auc=0.7799  t=178s
Epoch 45/50  loss=0.27899  auc=0.7881  t=183s
Epoch 46/50  loss=0.27915  auc=0.7832  t=183s
Epoch 47/50  loss=0.27982  auc=0.7894  t=183s
Epoch 48/50  loss=0.27992  auc=0.7798  t=183s
Epoch 49/50  loss=0.28022  auc=0.7864  t=182s
Epoch 50/50  loss=0.27978  auc=0.7849  t=182s

Done. Best AUC: 0.7963
