Device: cuda
Loading sequences and rate paths...
Per-loan orig_rate: mean=3.05% std=0.64%
Loaded hazard model (epoch 9, AUC=0.7958)

Running OAS engine: 1000 loans x 1000 paths...
  Path 0/1000...
  Path 100/1000...
  Path 200/1000...
  Path 300/1000...
  Path 400/1000...
  Path 500/1000...
  Path 600/1000...
  Path 700/1000...
  Path 800/1000...
  Path 900/1000...

Model prices (% of par):
  Mean:   81.78
  Median: 97.60
  Std:    33.08
  Min:    0.91
  Max:    100.94

Saved: oas_loan_prices.npy, oas_results.json
Next step: plug in market prices from advisor to compute OAS spread.
