Device: cuda
Loading sequences and rate paths...
Per-loan orig_rate: mean=3.01% std=0.64%
Loaded hazard model (epoch 41, AUC=0.8181)

Running OAS engine: 1000 loans x 1000 paths...
  Path 0/1000...
  Path 100/1000...
  Path 200/1000...
  Path 300/1000...
  Path 400/1000...
  Path 500/1000...
  Path 600/1000...
  Path 700/1000...
  Path 800/1000...
  Path 900/1000...

Model prices (% of par):
  Mean:   85.07
  Median: 99.06
  Std:    29.72
  Min:    1.02
  Max:    100.44

Saved: oas_loan_prices.npy, oas_results.json
Next step: plug in market prices from Gupta to compute OAS spread.
