Loading PMMS...
Loading ZHVI...

Pass 1: determining train/test split...
  Loading 2018Q1...
    -> 0 loans | prepay nan% | rows: 0
  Loading 2018Q2...
    -> 0 loans | prepay nan% | rows: 0
  Loading 2018Q3...
    -> 0 loans | prepay nan% | rows: 0
  Loading 2018Q4...
    -> 0 loans | prepay nan% | rows: 0
  Loading 2019Q1...
    -> 96,268 loans | prepay 3.93% | rows: 3,208,347
  Loading 2019Q2...
    -> 201,008 loans | prepay 3.94% | rows: 6,788,886
  Loading 2019Q3...
    -> 335,388 loans | prepay 4.13% | rows: 12,477,639
  Loading 2019Q4...
    -> 344,082 loans | prepay 4.00% | rows: 13,504,324
  Loading 2020Q1...
    -> 341,170 loans | prepay 3.84% | rows: 12,732,938
  Loading 2020Q2...
    -> 617,434 loans | prepay 1.44% | rows: 27,420,449
  Loading 2020Q3...
    -> 691,347 loans | prepay 0.83% | rows: 33,883,812
  Loading 2020Q4...
    -> 755,852 loans | prepay 0.71% | rows: 38,086,648
  Loading 2021Q1...
    -> 705,599 loans | prepay 0.63% | rows: 34,857,940
  Loading 2021Q2...
    -> 656,876 loans | prepay 0.70% | rows: 31,127,503
  Loading 2021Q3...
    -> 518,344 loans | prepay 0.89% | rows: 23,628,733
  Loading 2021Q4...
    -> 505,457 loans | prepay 0.88% | rows: 22,013,232
  Loading 2022Q1...
    -> 395,933 loans | prepay 1.05% | rows: 17,281,689
  Loading 2022Q2...
    -> 282,972 loans | prepay 1.17% | rows: 11,562,701
  Loading 2022Q3...
    -> 188,399 loans | prepay 1.26% | rows: 7,097,600
  Loading 2022Q4...
    -> 136,362 loans | prepay 0.93% | rows: 4,721,113
  Loading 2023Q1...
    -> 105,079 loans | prepay 0.71% | rows: 3,077,382

Total loans: 6,877,570 | Prepay rate: 1.49%
Train: 5,502,056 | Test: 1,375,514

Pass 2: fitting scaler on train data...
  Loading 2018Q1...
    -> 0 loans | prepay nan% | rows: 0
