Loading PMMS...
Loading ZHVI...

Pass 1: determining train/test split...
  Loading 2020Q1...
    -> 341,170 loans | prepay 3.84% | rows: 12,732,938
  Loading 2020Q2...
    -> 617,434 loans | prepay 1.44% | rows: 27,420,449
  Loading 2020Q3...
    -> 691,347 loans | prepay 0.83% | rows: 33,883,812
  Loading 2020Q4...
    -> 755,852 loans | prepay 0.71% | rows: 38,086,648
  Loading 2021Q1...
    -> 705,599 loans | prepay 0.63% | rows: 34,857,940
  Loading 2021Q2...
    -> 656,876 loans | prepay 0.70% | rows: 31,127,503
  Loading 2021Q3...
    -> 518,344 loans | prepay 0.89% | rows: 23,628,733
  Loading 2021Q4...
    -> 505,457 loans | prepay 0.88% | rows: 22,013,232
  Loading 2023Q1...
    -> 105,079 loans | prepay 0.71% | rows: 3,077,382

Total loans: 4,897,158 | Prepay rate: 1.06%
Train: 3,917,726 | Test: 979,432

Pass 2: fitting scaler on train data...
  Loading 2020Q1...
    -> 273,047 loans | prepay 3.83% | rows: 10,185,551
  Loading 2020Q2...
    -> 494,304 loans | prepay 1.44% | rows: 21,958,685
  Loading 2020Q3...
    -> 553,377 loans | prepay 0.83% | rows: 27,114,411
  Loading 2020Q4...
    -> 604,778 loans | prepay 0.71% | rows: 30,480,596
  Loading 2021Q1...
    -> 564,649 loans | prepay 0.63% | rows: 27,896,549
  Loading 2021Q2...
    -> 525,317 loans | prepay 0.71% | rows: 24,892,698
  Loading 2021Q3...
    -> 414,301 loans | prepay 0.90% | rows: 18,888,537
  Loading 2021Q4...
    -> 404,090 loans | prepay 0.88% | rows: 17,592,040
  Loading 2023Q1...
    -> 83,863 loans | prepay 0.71% | rows: 2,456,862
Scaler saved.

Pass 3: building train sequences...
  Loading 2020Q1...
    -> 273,047 loans | prepay 3.83% | rows: 10,185,551
  Loading 2020Q2...
    -> 494,304 loans | prepay 1.44% | rows: 21,958,685
  Loading 2020Q3...
    -> 553,377 loans | prepay 0.83% | rows: 27,114,411
  Loading 2020Q4...
    -> 604,778 loans | prepay 0.71% | rows: 30,480,596
  Loading 2021Q1...
    -> 564,649 loans | prepay 0.63% | rows: 27,896,549
  Loading 2021Q2...
    -> 525,317 loans | prepay 0.71% | rows: 24,892,698
  Loading 2021Q3...
    -> 414,301 loans | prepay 0.90% | rows: 18,888,537
  Loading 2021Q4...
    -> 404,090 loans | prepay 0.88% | rows: 17,592,040
  Loading 2023Q1...
    -> 83,863 loans | prepay 0.71% | rows: 2,456,862
  Train shape: (3917726, 33, 9) — saved.
  Prepay timestep: 40,703/41,540 prepaid loans have t>=0

Pass 4: building test sequences...
  Loading 2020Q1...
    -> 68,123 loans | prepay 3.86% | rows: 2,547,387
  Loading 2020Q2...
    -> 123,130 loans | prepay 1.41% | rows: 5,461,764
  Loading 2020Q3...
    -> 137,970 loans | prepay 0.84% | rows: 6,769,401
  Loading 2020Q4...
    -> 151,074 loans | prepay 0.70% | rows: 7,606,052
  Loading 2021Q1...
    -> 140,950 loans | prepay 0.64% | rows: 6,961,391
  Loading 2021Q2...
    -> 131,559 loans | prepay 0.70% | rows: 6,234,805
  Loading 2021Q3...
    -> 104,043 loans | prepay 0.88% | rows: 4,740,196
  Loading 2021Q4...
    -> 101,367 loans | prepay 0.88% | rows: 4,421,192
  Loading 2023Q1...
    -> 21,216 loans | prepay 0.72% | rows: 620,520
  Test shape: (979432, 33, 9) — saved.
  Prepay timestep: 10,174/10,385 prepaid loans have t>=0

Done. All sequences saved to /scratch/at7095/mortgage_prepayment/data/sequences
