Loading PMMS...
Loading ZHVI...

Pass 1: determining train/test split...
  Loading 2018Q1...
    -> 228,942 loans | prepay 4.00% | rows: 11,422,718
  Loading 2018Q2...
    -> 226,717 loans | prepay 3.82% | rows: 9,667,294
  Loading 2018Q3...
    -> 249,356 loans | prepay 4.00% | rows: 9,652,520
  Loading 2018Q4...
    -> 209,913 loans | prepay 4.13% | rows: 7,482,151
  Loading 2019Q1...
    -> 170,397 loans | prepay 4.25% | rows: 5,634,853
  Loading 2019Q2...
    -> 203,172 loans | prepay 3.94% | rows: 6,867,516
  Loading 2019Q3...
    -> 336,126 loans | prepay 4.12% | rows: 12,500,824
  Loading 2019Q4...
    -> 344,327 loans | prepay 4.00% | rows: 13,512,518
  Loading 2020Q1...
    -> 341,288 loans | prepay 3.84% | rows: 12,736,391
  Loading 2020Q2...
    -> 617,486 loans | prepay 1.44% | rows: 27,422,408
  Loading 2020Q3...
    -> 691,349 loans | prepay 0.83% | rows: 33,883,937
  Loading 2020Q4...
    -> 755,853 loans | prepay 0.71% | rows: 38,086,707
  Loading 2021Q1...
    -> 705,600 loans | prepay 0.63% | rows: 34,857,943
  Loading 2021Q2...
    -> 656,878 loans | prepay 0.70% | rows: 31,127,597
  Loading 2021Q3...
    -> 518,344 loans | prepay 0.89% | rows: 23,628,733
  Loading 2021Q4...
    -> 505,457 loans | prepay 0.88% | rows: 22,013,232
  Loading 2022Q1...
    -> 395,933 loans | prepay 1.05% | rows: 17,281,689
  Loading 2022Q2...
    -> 282,972 loans | prepay 1.17% | rows: 11,562,701
  Loading 2022Q3...
    -> 188,399 loans | prepay 1.26% | rows: 7,097,600
  Loading 2022Q4...
    -> 136,362 loans | prepay 0.93% | rows: 4,721,113
  Loading 2023Q1...
    -> 105,079 loans | prepay 0.71% | rows: 3,077,382

Total loans: 7,869,950 | Prepay rate: 1.81%
Train: 6,295,960 | Test: 1,573,990

Pass 2: fitting scaler on train data...
  Loading 2018Q1...
    -> 183,214 loans | prepay 3.99% | rows: 9,149,164
  Loading 2018Q2...
    -> 181,803 loans | prepay 3.80% | rows: 7,750,159
  Loading 2018Q3...
    -> 199,314 loans | prepay 3.99% | rows: 7,709,997
  Loading 2018Q4...
    -> 168,046 loans | prepay 4.12% | rows: 5,988,205
  Loading 2019Q1...
    -> 136,239 loans | prepay 4.29% | rows: 4,511,464
  Loading 2019Q2...
    -> 162,420 loans | prepay 3.97% | rows: 5,492,600
  Loading 2019Q3...
    -> 268,905 loans | prepay 4.14% | rows: 9,993,038
  Loading 2019Q4...
    -> 275,814 loans | prepay 4.01% | rows: 10,823,420
  Loading 2020Q1...
    -> 272,870 loans | prepay 3.82% | rows: 10,193,715
  Loading 2020Q2...
    -> 494,269 loans | prepay 1.43% | rows: 21,941,405
  Loading 2020Q3...
    -> 552,946 loans | prepay 0.83% | rows: 27,103,362
  Loading 2020Q4...
    -> 605,148 loans | prepay 0.70% | rows: 30,493,854
  Loading 2021Q1...
    -> 564,348 loans | prepay 0.64% | rows: 27,879,794
  Loading 2021Q2...
    -> 525,341 loans | prepay 0.70% | rows: 24,898,147
  Loading 2021Q3...
    -> 414,322 loans | prepay 0.90% | rows: 18,882,111
  Loading 2021Q4...
    -> 404,557 loans | prepay 0.88% | rows: 17,621,170
  Loading 2022Q1...
    -> 316,291 loans | prepay 1.05% | rows: 13,805,316
  Loading 2022Q2...
    -> 226,322 loans | prepay 1.17% | rows: 9,247,540
  Loading 2022Q3...
    -> 150,759 loans | prepay 1.25% | rows: 5,680,652
  Loading 2022Q4...
    -> 109,194 loans | prepay 0.93% | rows: 3,782,863
  Loading 2023Q1...
    -> 83,838 loans | prepay 0.73% | rows: 2,457,365
Scaler saved.

Pass 3: building train sequences...
  Loading 2018Q1...
    -> 183,214 loans | prepay 3.99% | rows: 9,149,164
  Loading 2018Q2...
    -> 181,803 loans | prepay 3.80% | rows: 7,750,159
  Loading 2018Q3...
    -> 199,314 loans | prepay 3.99% | rows: 7,709,997
  Loading 2018Q4...
    -> 168,046 loans | prepay 4.12% | rows: 5,988,205
  Loading 2019Q1...
    -> 136,239 loans | prepay 4.29% | rows: 4,511,464
  Loading 2019Q2...
    -> 162,420 loans | prepay 3.97% | rows: 5,492,600
  Loading 2019Q3...
    -> 268,905 loans | prepay 4.14% | rows: 9,993,038
  Loading 2019Q4...
    -> 275,814 loans | prepay 4.01% | rows: 10,823,420
  Loading 2020Q1...
    -> 272,870 loans | prepay 3.82% | rows: 10,193,715
  Loading 2020Q2...
    -> 494,269 loans | prepay 1.43% | rows: 21,941,405
  Loading 2020Q3...
    -> 552,946 loans | prepay 0.83% | rows: 27,103,362
  Loading 2020Q4...
    -> 605,148 loans | prepay 0.70% | rows: 30,493,854
  Loading 2021Q1...
    -> 564,348 loans | prepay 0.64% | rows: 27,879,794
  Loading 2021Q2...
    -> 525,341 loans | prepay 0.70% | rows: 24,898,147
  Loading 2021Q3...
    -> 414,322 loans | prepay 0.90% | rows: 18,882,111
  Loading 2021Q4...
    -> 404,557 loans | prepay 0.88% | rows: 17,621,170
  Loading 2022Q1...
    -> 316,291 loans | prepay 1.05% | rows: 13,805,316
  Loading 2022Q2...
    -> 226,322 loans | prepay 1.17% | rows: 9,247,540
  Loading 2022Q3...
    -> 150,759 loans | prepay 1.25% | rows: 5,680,652
  Loading 2022Q4...
    -> 109,194 loans | prepay 0.93% | rows: 3,782,863
  Loading 2023Q1...
    -> 83,838 loans | prepay 0.73% | rows: 2,457,365
  Train shape: (6295960, 33, 9) — saved.
  Prepay timestep: 111,516/113,954 prepaid loans have t>=0

Pass 4: building test sequences...
  Loading 2018Q1...
    -> 45,728 loans | prepay 4.03% | rows: 2,273,554
  Loading 2018Q2...
    -> 44,914 loans | prepay 3.91% | rows: 1,917,135
  Loading 2018Q3...
    -> 50,042 loans | prepay 4.05% | rows: 1,942,523
  Loading 2018Q4...
    -> 41,867 loans | prepay 4.15% | rows: 1,493,946
  Loading 2019Q1...
    -> 34,158 loans | prepay 4.11% | rows: 1,123,389
  Loading 2019Q2...
    -> 40,752 loans | prepay 3.83% | rows: 1,374,916
  Loading 2019Q3...
    -> 67,221 loans | prepay 4.07% | rows: 2,507,786
  Loading 2019Q4...
    -> 68,513 loans | prepay 3.99% | rows: 2,689,098
  Loading 2020Q1...
    -> 68,418 loans | prepay 3.88% | rows: 2,542,676
  Loading 2020Q2...
    -> 123,217 loans | prepay 1.45% | rows: 5,481,003
  Loading 2020Q3...
    -> 138,403 loans | prepay 0.83% | rows: 6,780,575
  Loading 2020Q4...
    -> 150,705 loans | prepay 0.72% | rows: 7,592,853
  Loading 2021Q1...
    -> 141,252 loans | prepay 0.61% | rows: 6,978,149
  Loading 2021Q2...
    -> 131,537 loans | prepay 0.72% | rows: 6,229,450
  Loading 2021Q3...
    -> 104,022 loans | prepay 0.88% | rows: 4,746,622
  Loading 2021Q4...
    -> 100,900 loans | prepay 0.88% | rows: 4,392,062
  Loading 2022Q1...
    -> 79,642 loans | prepay 1.06% | rows: 3,476,373
  Loading 2022Q2...
    -> 56,650 loans | prepay 1.20% | rows: 2,315,161
  Loading 2022Q3...
    -> 37,640 loans | prepay 1.29% | rows: 1,416,948
  Loading 2022Q4...
    -> 27,168 loans | prepay 0.95% | rows: 938,250
  Loading 2023Q1...
    -> 21,241 loans | prepay 0.65% | rows: 620,017
  Test shape: (1573990, 33, 9) — saved.
  Prepay timestep: 27,936/28,488 prepaid loans have t>=0

Done. All sequences saved to /scratch/at7095/mortgage_prepayment/data/sequences
