Loading PMMS...
Loading ZHVI...
Loading 2020Q1...
  -> 682,396 loans | prepay rate: 3.80% | rows: 25,469,093
Loading 2020Q2...
  -> 1,234,893 loans | prepay rate: 1.43% | rows: 54,862,165
Loading 2020Q3...
  -> 1,382,685 loans | prepay rate: 0.83% | rows: 67,720,937
Loading 2020Q4...
  -> 1,511,742 loans | prepay rate: 0.70% | rows: 76,152,503
Loading 2021Q1...
  -> 1,411,294 loans | prepay rate: 0.63% | rows: 69,709,529
Loading 2021Q2...
  -> 1,313,838 loans | prepay rate: 0.72% | rows: 62,252,927
Loading 2021Q3...
  -> 1,036,821 loans | prepay rate: 0.89% | rows: 47,262,815
Loading 2021Q4...
  -> 1,011,004 loans | prepay rate: 0.87% | rows: 44,013,474
Loading 2023Q1...
  -> 210,167 loans | prepay rate: 0.69% | rows: 6,154,710
