Loading PMMS...
Loading ZHVI...

Pass 1: determining train/test split...
  Loading 2020Q1...
    -> 341,184 loans | prepay 3.84% | rows: 12,733,583
  Loading 2020Q2...
    -> 617,442 loans | prepay 1.44% | rows: 27,420,871
  Loading 2020Q3...
    -> 691,357 loans | prepay 0.83% | rows: 33,884,383
  Loading 2020Q4...
    -> 755,874 loans | prepay 0.71% | rows: 38,087,659
  Loading 2021Q1...
    -> 705,614 loans | prepay 0.63% | rows: 34,858,784
  Loading 2021Q2...
    -> 656,891 loans | prepay 0.70% | rows: 31,128,182
  Loading 2021Q3...
    -> 518,391 loans | prepay 0.89% | rows: 23,630,745
  Loading 2021Q4...
    -> 505,505 loans | prepay 0.88% | rows: 22,015,330
  Loading 2023Q1...
    -> 105,087 loans | prepay 0.71% | rows: 3,077,620

Total loans: 4,897,345 | Prepay rate: 1.06%
Train: 3,917,876 | Test: 979,469

Pass 2: fitting scaler on train data...
  Loading 2020Q1...
    -> 273,057 loans | prepay 3.83% | rows: 10,182,866
  Loading 2020Q2...
    -> 494,308 loans | prepay 1.44% | rows: 21,955,408
  Loading 2020Q3...
    -> 553,385 loans | prepay 0.83% | rows: 27,135,482
  Loading 2020Q4...
    -> 604,788 loans | prepay 0.71% | rows: 30,466,234
  Loading 2021Q1...
    -> 564,668 loans | prepay 0.62% | rows: 27,897,850
  Loading 2021Q2...
    -> 525,332 loans | prepay 0.71% | rows: 24,892,764
  Loading 2021Q3...
    -> 414,253 loans | prepay 0.90% | rows: 18,883,985
  Loading 2021Q4...
    -> 404,245 loans | prepay 0.88% | rows: 17,607,752
  Loading 2023Q1...
    -> 83,840 loans | prepay 0.71% | rows: 2,454,794
Scaler saved.

Pass 3: building train sequences...
  Loading 2020Q1...
    -> 273,057 loans | prepay 3.83% | rows: 10,182,866
  Loading 2020Q2...
    -> 494,308 loans | prepay 1.44% | rows: 21,955,408
  Loading 2020Q3...
    -> 553,385 loans | prepay 0.83% | rows: 27,135,482
  Loading 2020Q4...
    -> 604,788 loans | prepay 0.71% | rows: 30,466,234
  Loading 2021Q1...
    -> 564,668 loans | prepay 0.62% | rows: 27,897,850
  Loading 2021Q2...
    -> 525,332 loans | prepay 0.71% | rows: 24,892,764
  Loading 2021Q3...
    -> 414,253 loans | prepay 0.90% | rows: 18,883,985
  Loading 2021Q4...
