Loading PMMS...
Loading ZHVI...
Loading 2020Q1...
  -> 341,184 loans | prepay rate: 3.84% | rows: 12,733,583
Loading 2020Q2...
  -> 617,442 loans | prepay rate: 1.44% | rows: 27,420,871
Loading 2020Q3...
  -> 691,357 loans | prepay rate: 0.83% | rows: 33,884,383
Loading 2020Q4...
  -> 755,874 loans | prepay rate: 0.71% | rows: 38,087,659
Loading 2021Q1...
  -> 705,614 loans | prepay rate: 0.63% | rows: 34,858,784
Loading 2021Q2...
  -> 656,891 loans | prepay rate: 0.70% | rows: 31,128,182
Loading 2021Q3...
  -> 518,391 loans | prepay rate: 0.89% | rows: 23,630,745
Loading 2021Q4...
  -> 505,505 loans | prepay rate: 0.88% | rows: 22,015,330
Loading 2023Q1...
  -> 105,087 loans | prepay rate: 0.71% | rows: 3,077,620

Total loans: 4,897,345 | Prepay rate: 1.06%
Train: 3,917,876 loans | Test: 979,469 loans
Scaler saved.

Building train sequences...
