Loading PMMS...
Loading ZHVI...

Pass 1: determining train/test split...
  Loading 2020Q1...
    -> 341,170 loans | prepay 3.84% | rows: 12,732,938
  Loading 2020Q2...
    -> 617,434 loans | prepay 1.44% | rows: 27,420,449
  Loading 2020Q3...
    -> 691,347 loans | prepay 0.83% | rows: 33,883,812
  Loading 2020Q4...
    -> 755,852 loans | prepay 0.71% | rows: 38,086,648
  Loading 2021Q1...
    -> 705,599 loans | prepay 0.63% | rows: 34,857,940
  Loading 2021Q2...
    -> 656,876 loans | prepay 0.70% | rows: 31,127,503
  Loading 2021Q3...
    -> 518,344 loans | prepay 0.89% | rows: 23,628,733
  Loading 2021Q4...
    -> 505,457 loans | prepay 0.88% | rows: 22,013,232
  Loading 2022Q1...
    -> 395,933 loans | prepay 1.05% | rows: 17,281,689
  Loading 2022Q2...
    -> 282,972 loans | prepay 1.17% | rows: 11,562,701
  Loading 2022Q3...
    -> 188,399 loans | prepay 1.26% | rows: 7,097,600
  Loading 2022Q4...
    -> 136,362 loans | prepay 0.93% | rows: 4,721,113
  Loading 2023Q1...
    -> 105,079 loans | prepay 0.71% | rows: 3,077,382

Total loans: 5,900,824 | Prepay rate: 1.07%
Train: 4,720,659 | Test: 1,180,165

Pass 2: fitting scaler on train data...
  Loading 2020Q1...
    -> 272,880 loans | prepay 3.83% | rows: 10,178,482
  Loading 2020Q2...
    -> 494,290 loans | prepay 1.43% | rows: 21,960,870
  Loading 2020Q3...
    -> 553,148 loans | prepay 0.81% | rows: 27,104,425
  Loading 2020Q4...
    -> 604,707 loans | prepay 0.71% | rows: 30,477,901
  Loading 2021Q1...
    -> 564,862 loans | prepay 0.63% | rows: 27,910,404
  Loading 2021Q2...
    -> 525,326 loans | prepay 0.71% | rows: 24,894,484
  Loading 2021Q3...
    -> 414,417 loans | prepay 0.89% | rows: 18,892,111
  Loading 2021Q4...
    -> 404,096 loans | prepay 0.88% | rows: 17,598,151
  Loading 2022Q1...
    -> 317,071 loans | prepay 1.06% | rows: 13,838,700
  Loading 2022Q2...
    -> 226,093 loans | prepay 1.18% | rows: 9,236,689
  Loading 2022Q3...
    -> 150,713 loans | prepay 1.27% | rows: 5,675,923
  Loading 2022Q4...
    -> 109,167 loans | prepay 0.93% | rows: 3,777,671
  Loading 2023Q1...
    -> 83,889 loans | prepay 0.71% | rows: 2,457,000
Scaler saved.

Pass 3: building train sequences...
  Loading 2020Q1...
    -> 272,880 loans | prepay 3.83% | rows: 10,178,482
  Loading 2020Q2...
    -> 494,290 loans | prepay 1.43% | rows: 21,960,870
  Loading 2020Q3...
    -> 553,148 loans | prepay 0.81% | rows: 27,104,425
  Loading 2020Q4...
    -> 604,707 loans | prepay 0.71% | rows: 30,477,901
  Loading 2021Q1...
    -> 564,862 loans | prepay 0.63% | rows: 27,910,404
  Loading 2021Q2...
    -> 525,326 loans | prepay 0.71% | rows: 24,894,484
  Loading 2021Q3...
    -> 414,417 loans | prepay 0.89% | rows: 18,892,111
  Loading 2021Q4...
    -> 404,096 loans | prepay 0.88% | rows: 17,598,151
  Loading 2022Q1...
    -> 317,071 loans | prepay 1.06% | rows: 13,838,700
  Loading 2022Q2...
    -> 226,093 loans | prepay 1.18% | rows: 9,236,689
  Loading 2022Q3...
    -> 150,713 loans | prepay 1.27% | rows: 5,675,923
  Loading 2022Q4...
    -> 109,167 loans | prepay 0.93% | rows: 3,777,671
  Loading 2023Q1...
    -> 83,889 loans | prepay 0.71% | rows: 2,457,000
  Train shape: (4720659, 33, 9) — saved.
  Prepay timestep: 49,005/50,447 prepaid loans have t>=0

Pass 4: building test sequences...
  Loading 2020Q1...
    -> 68,290 loans | prepay 3.86% | rows: 2,554,456
  Loading 2020Q2...
    -> 123,144 loans | prepay 1.44% | rows: 5,459,579
  Loading 2020Q3...
    -> 138,199 loans | prepay 0.89% | rows: 6,779,387
  Loading 2020Q4...
    -> 151,145 loans | prepay 0.69% | rows: 7,608,747
  Loading 2021Q1...
    -> 140,737 loans | prepay 0.62% | rows: 6,947,536
  Loading 2021Q2...
    -> 131,550 loans | prepay 0.68% | rows: 6,233,019
  Loading 2021Q3...
    -> 103,927 loans | prepay 0.90% | rows: 4,736,622
  Loading 2021Q4...
    -> 101,361 loans | prepay 0.87% | rows: 4,415,081
  Loading 2022Q1...
    -> 78,862 loans | prepay 1.04% | rows: 3,442,989
  Loading 2022Q2...
    -> 56,879 loans | prepay 1.13% | rows: 2,326,012
  Loading 2022Q3...
    -> 37,686 loans | prepay 1.22% | rows: 1,421,677
  Loading 2022Q4...
    -> 27,195 loans | prepay 0.95% | rows: 943,442
  Loading 2023Q1...
    -> 21,190 loans | prepay 0.71% | rows: 620,382
  Test shape: (1180165, 33, 9) — saved.
  Prepay timestep: 12,233/12,612 prepaid loans have t>=0

Done. All sequences saved to /scratch/at7095/mortgage_prepayment/data/sequences
