============================================================
Risk-Neutral Rate Path Generation
============================================================

DDPM paths: (1000, 33), mean=6.120%

--- Step 1: Bootstrap Treasury Zero Curve ---
Using Treasury curve dated: 2026-05-22
Par yields:
   1mo: 3.7200%
   3mo: 3.6800%
   6mo: 3.7900%
   1yr: 3.8600%
   2yr: 4.1300%
   3yr: 4.1800%
   5yr: 4.2700%
   7yr: 4.4100%
  10yr: 4.5600%
  20yr: 5.0600%
  30yr: 5.0700%

Bootstrapped zero rates (sample):
  Month  1: 3.7200%  (ZCB=99.690)
  Month  6: 3.7900%  (ZCB=98.123)
  Month 12: 3.8600%  (ZCB=96.214)
  Month 24: 4.0955%  (ZCB=92.136)
  Month 33: 4.1314%  (ZCB=89.260)

--- Step 2: Forward Rates ---
Forward rates (months 1,6,12,24,33): [3.72   3.9733 3.9883 4.5468 4.259 ]

--- Step 3: Drift Correction ---
Shifts (months 1,6,12,24,33): [-2.4575 -2.183  -2.1307 -1.5382 -1.8126]
Corrected paths: mean=4.132%, std=1.151%, min=0.010%

--- Step 4: ZCB Validation ---

ZCB repricing validation:
Month   Model_DF  Target_DF   Error_bp   Status
    1   0.996905   0.996905      0.000       OK
    3   0.990842   0.990842      0.001       OK
    6   0.981230   0.981228      0.014       OK
   12   0.962149   0.962135      0.136       OK
   24   0.921466   0.921355      1.104     FAIL
   33   0.892864   0.892604      2.606     FAIL
Max error: 2.606bp  (FAIL)

--- Step 5: PMMS Paths (for refi incentive) ---

Historical PMMS - 10yr Treasury spread: 1.8922%
  (Based on 188 months of overlapping data)
PMMS paths: mean=6.024%, std=1.151%
--- Processing Conditional DDPM Paths ---
Conditional treasury: mean=4.131%, start=3.720%

ZCB repricing validation:
Month   Model_DF  Target_DF   Error_bp   Status
    1   0.996905   0.996905      0.000       OK
    3   0.990842   0.990842      0.001       OK
    6   0.981229   0.981228      0.008       OK
   12   0.962142   0.962135      0.069       OK
   24   0.921414   0.921355      0.585       OK
   33   0.892756   0.892604      1.527     FAIL
Max error: 1.527bp  (FAIL)
Saved: treasury_cond_paths.npy, pmms_cond_paths.npy

Saved:
  treasury_rate_paths.npy  — risk-free paths for discounting
  pmms_rate_paths_rn.npy   — PMMS paths for refi incentive
  monthly_zero_rates.npy   — bootstrapped zero curve
  risk_neutral_results.json

Next: update oas_engine.py to use these paths + add terminal value.
