Loading test sequences...
Test set: 979,469 loans

Running Transformer inference...
  Transformer inference on: cpu

Running XGBoost (last-obs snapshot)...
  Loading train sequences for XGBoost...
  Extracting last-obs from train...
  Extracting last-obs from test...
  Training XGBoost...

Overall AUC — Transformer: 0.8431  XGBoost: 0.8286

Loading test metadata...
Loading metadata from raw files...
  2020Q1...
  2020Q2...
  2020Q3...
  2020Q4...
  2021Q1...
  2021Q2...
  2021Q3...
  2021Q4...
  2023Q1...
Valid loans with metadata: 979,072

=== Segmentation Analysis ===

  fico_bucket:
  Group                     N  Prepay%    TF AUC   XGB AUC    Delta
  -----------------------------------------------------------------
  <640                  7,775    1.04%    0.8565    0.8415  +0.0149
  640-680              42,228    1.09%    0.8399    0.8255  +0.0144
  680-720             122,448    1.04%    0.8426    0.8276  +0.0151
  720-760             211,746    1.07%    0.8426    0.8287  +0.0140
  760+                594,875    1.06%    0.8434    0.8288  +0.0146

  ltv_bucket:
  Group                     N  Prepay%    TF AUC   XGB AUC    Delta
  -----------------------------------------------------------------
  <60                 276,113    1.03%    0.8383    0.8226  +0.0156
  60-70               154,100    1.08%    0.8487    0.8373  +0.0114
  70-80               205,760    1.08%    0.8425    0.8271  +0.0154
  80-90               183,596    1.08%    0.8456    0.8291  +0.0165
  90+                 159,503    1.05%    0.8435    0.8314  +0.0121

  refi_bucket:
  Group                     N  Prepay%    TF AUC   XGB AUC    Delta
  -----------------------------------------------------------------
  <-150bps            783,479    1.06%    0.8426    0.8279  +0.0146
  -150to-50bps         16,231    1.16%    0.8288    0.8234  +0.0054
  -50to+50bps          95,110    1.10%    0.8367    0.8191  +0.0176
  +50to+150bps         76,245    1.01%    0.8570    0.8460  +0.0109
  >+150bps              8,007    0.97%    0.8780    0.8639  +0.0141

  loan_age_bucket:
  Group                     N  Prepay%    TF AUC   XGB AUC    Delta
  -----------------------------------------------------------------
  0-6m                 66,502    1.03%    0.8479    0.8318  +0.0161
  6-12m                79,624    1.06%    0.8545    0.8424  +0.0122
  12-24m               65,733    1.10%    0.8322    0.8192  +0.0130
  24-33m               30,612    1.01%    0.8485    0.8248  +0.0236

  vintage:
  Group                     N  Prepay%    TF AUC   XGB AUC    Delta
  -----------------------------------------------------------------
  2020Q1               68,570    1.02%    0.8463    0.8351  +0.0112
  2020Q2              122,645    1.05%    0.8571    0.8431  +0.0140
  2020Q3              137,831    1.05%    0.8396    0.8252  +0.0144
  2020Q4              151,276    1.06%    0.8459    0.8299  +0.0159
  2021Q1              141,452    1.08%    0.8382    0.8205  +0.0178
  2021Q2              131,296    1.09%    0.8425    0.8296  +0.0129
  2021Q3              103,810    1.09%    0.8368    0.8198  +0.0170
  2021Q4              101,328    1.03%    0.8462    0.8361  +0.0101
  2023Q1               20,864    1.06%    0.8077    0.7948  +0.0130

Saved → /scratch/at7095/mortgage_prepayment/outputs/segmentation_results.json
