Loading test sequences...
Test set: 979,469 loans

Running Transformer inference...
  Transformer inference on: cpu

Running XGBoost (last-obs snapshot)...
  Loading train sequences for XGBoost...
  Extracting last-obs from train...
  Extracting last-obs from test...
  Training XGBoost...

Overall AUC — Transformer: 0.8431  XGBoost: 0.8286

Loading test metadata...
Loading metadata from raw files...
  2020Q1...
  2020Q2...
  2020Q3...
  2020Q4...
  2021Q1...
  2021Q2...
  2021Q3...
  2021Q4...
  2023Q1...

=== Segmentation Analysis ===

  fico_bucket:
  Group                     N  Prepay%    TF AUC   XGB AUC    Delta
  -----------------------------------------------------------------
