Job started: Tue May 19 14:10:56 EDT 2026
Device: cuda
Loading test sequences...
test_seq shape:    (979469, 33, 6)
test_labels shape: (979469,)
Prepaid rate:      0.0106
Positive samples: 10385, Negative samples: 969084
Loading model...
Checkpoint config: {'d_model': 64, 'n_heads': 4, 'n_layers': 2, 'dropout': 0.1}
Running SHAP GradientExplainer...
Raw SHAP output shape: (2000, 198, 1)
SHAP shape after squeeze: (2000, 198)
SHAP 3D shape: (2000, 33, 6)
Saved shap_values.npy
Heatmap saved: /scratch/at7095/mortgage_prepayment/outputs/shap_mean_heatmap.png
Bar chart saved: /scratch/at7095/mortgage_prepayment/outputs/shap_feature_importance.png

── Global Feature Importance (ranked) ──
  1. loan_age_months            0.04048
  2. borrower_credit_score      0.03082
  3. refi_incentive             0.02914
  4. original_ltv               0.02530
  5. current_ltv                0.02382
  6. original_upb               0.00675

── Peak importance timestep per feature ──
  refi_incentive             peak at month 28  (|SHAP|=0.08952)
  borrower_credit_score      peak at month 23  (|SHAP|=0.04045)
  original_ltv               peak at month 28  (|SHAP|=0.03785)
  current_ltv                peak at month 28  (|SHAP|=0.06266)
  original_upb               peak at month  4  (|SHAP|=0.01306)
  loan_age_months            peak at month 28  (|SHAP|=0.12495)
Job finished: Tue May 19 14:12:40 EDT 2026
