Job started: Wed May 20 03:52:06 EDT 2026
Device: cuda
Calibrating Hull-White on 48 observations (2020-2023)
Hull-White: a=0.0100, sigma=1.0146
theta: 4.5481%
Scaler loaded, means: [-2.46169269e+00  7.63103126e+02  6.90342191e+01  5.72641369e+01
  2.77652541e+05  2.60869501e+01]
Model loaded: {'d_model': 64, 'n_heads': 4, 'n_layers': 2, 'dropout': 0.1}

── orig_rate=7.0%, start_rate=3.0% ──
Running Transformer...
  timestep 5/33 done
  timestep 10/33 done
  timestep 15/33 done
  timestep 20/33 done
  timestep 25/33 done
  timestep 30/33 done

── orig_rate=5.0%, start_rate=5.0% ──
Running Transformer...
  timestep 5/33 done
  timestep 10/33 done
  timestep 15/33 done
  timestep 20/33 done
  timestep 25/33 done
  timestep 30/33 done

── orig_rate=3.0%, start_rate=7.0% ──
Running Transformer...
  timestep 5/33 done
  timestep 10/33 done
  timestep 15/33 done
  timestep 20/33 done
  timestep 25/33 done
  timestep 30/33 done
Saved synthetic_rate_paths.png
Saved synthetic_prepay_probs_raw.png
Saved survival_curves.png

── Raw median prepayment prob at month 33 ──
  orig=7.0%, start=3.0%  →  0.9198
  orig=5.0%, start=5.0%  →  0.9176
  orig=3.0%, start=7.0%  →  0.3335

── Survival-corrected cumulative prepayment by month 33 ──
  orig=7%, start=3% (strong refi)  →  1.0000
  orig=5%, start=5% (at-money)  →  1.0000
  orig=3%, start=7% (no refi)  →  0.9826

── Peak hazard month per scenario ──
  orig=7%, start=3% (strong refi)  →  peak hazard at month 2
  orig=5%, start=5% (at-money)  →  peak hazard at month 10
  orig=3%, start=7% (no refi)  →  peak hazard at month 20
Job finished: Wed May 20 03:53:01 EDT 2026
