Loading PMMS monthly rates...
  -> 660 monthly rate observations loaded
Loading ZHVI MSA lookup...
  -> 77660 MSA-period observations loaded
Loading 2020Q1...
  -> 0 loans | prepay rate: nan% | avg current_ltv: nan
Loading 2020Q2...
  -> 0 loans | prepay rate: nan% | avg current_ltv: nan
Loading 2020Q3...
  -> 0 loans | prepay rate: nan% | avg current_ltv: nan
Loading 2020Q4...
  -> 0 loans | prepay rate: nan% | avg current_ltv: nan
Loading 2021Q1...
  -> 0 loans | prepay rate: nan% | avg current_ltv: nan
Loading 2021Q2...
  -> 0 loans | prepay rate: nan% | avg current_ltv: nan
Loading 2021Q3...
  -> 0 loans | prepay rate: nan% | avg current_ltv: nan
Loading 2021Q4...
  -> 0 loans | prepay rate: nan% | avg current_ltv: nan
Loading 2023Q1...
  -> 0 loans | prepay rate: nan% | avg current_ltv: nan

Total loans across all vintages: 0
Overall prepay rate: nan%

Prepay rate by vintage:
Series([], )
