Traceback (most recent call last):
  File "/scratch/at7095/mortgage_prepayment/train.py", line 314, in <module>
    main()
  File "/scratch/at7095/mortgage_prepayment/train.py", line 287, in main
    loss = criterion(mlp(xb), yb)
  File "/scratch/at7095/conda_envs/mortgage_env/lib/python3.10/site-packages/torch/nn/modules/module.py", line 1779, in _wrapped_call_impl
    return self._call_impl(*args, **kwargs)
  File "/scratch/at7095/conda_envs/mortgage_env/lib/python3.10/site-packages/torch/nn/modules/module.py", line 1790, in _call_impl
    return forward_call(*args, **kwargs)
  File "/scratch/at7095/mortgage_prepayment/train.py", line 174, in forward
    return self.net(x).squeeze()
  File "/scratch/at7095/conda_envs/mortgage_env/lib/python3.10/site-packages/torch/nn/modules/module.py", line 1779, in _wrapped_call_impl
    return self._call_impl(*args, **kwargs)
  File "/scratch/at7095/conda_envs/mortgage_env/lib/python3.10/site-packages/torch/nn/modules/module.py", line 1790, in _call_impl
    return forward_call(*args, **kwargs)
  File "/scratch/at7095/conda_envs/mortgage_env/lib/python3.10/site-packages/torch/nn/modules/container.py", line 253, in forward
    input = module(input)
  File "/scratch/at7095/conda_envs/mortgage_env/lib/python3.10/site-packages/torch/nn/modules/module.py", line 1779, in _wrapped_call_impl
    return self._call_impl(*args, **kwargs)
  File "/scratch/at7095/conda_envs/mortgage_env/lib/python3.10/site-packages/torch/nn/modules/module.py", line 1790, in _call_impl
    return forward_call(*args, **kwargs)
  File "/scratch/at7095/conda_envs/mortgage_env/lib/python3.10/site-packages/torch/nn/modules/linear.py", line 134, in forward
    return F.linear(input, self.weight, self.bias)
RuntimeError: mat1 and mat2 shapes cannot be multiplied (512x6 and 5x64)
