Loading PMMS monthly rates...
  -> 660 monthly rate observations loaded
Loading 2020Q1...
  -> 683,383 loans | prepay rate: 3.56%
Loading 2020Q2...
  -> 1,235,302 loans | prepay rate: 1.32%
Loading 2020Q3...
  -> 1,383,813 loans | prepay rate: 0.75%
Loading 2020Q4...
  -> 1,513,322 loans | prepay rate: 0.64%
Loading 2021Q1...
  -> 1,413,004 loans | prepay rate: 0.58%
Loading 2021Q2...
  -> 1,315,673 loans | prepay rate: 0.66%
Loading 2021Q3...
  -> 1,038,463 loans | prepay rate: 0.81%
Loading 2021Q4...
  -> 1,012,946 loans | prepay rate: 0.81%
Loading 2023Q1...
  -> 210,545 loans | prepay rate: 0.68%

Total loans across all vintages: 9,806,451
Overall prepay rate: 0.97%

Prepay rate by vintage:
vintage
2020Q1    3.56
2020Q2    1.32
2020Q3    0.75
2020Q4    0.64
2021Q1    0.58
2021Q2    0.66
2021Q3    0.81
2021Q4    0.81
2023Q1    0.68

Training Logistic Regression...
  AUC: 0.8077

Logistic Regression Coefficients:
  refi_incentive: 0.8981 ✅
  borrower_credit_score: 0.2185 ✅
  original_ltv: 1.0337 ✅
  original_upb: 0.5235 ✅
  loan_age_months: -0.7995 ❌

Training Random Forest...
  AUC: 0.8190

Random Forest Feature Importances:
  loan_age_months: 0.4828
  original_ltv: 0.2117
  original_upb: 0.1619
  refi_incentive: 0.1344
  borrower_credit_score: 0.0092

Training XGBoost...
  AUC: 0.8308

Training LightGBM...
  AUC: 0.8310

Training MLP...
  Epoch 5/20 done
  Epoch 10/20 done
  Epoch 15/20 done
  Epoch 20/20 done
  AUC: 0.8208

==================================================
MODEL COMPARISON — Multi-Vintage 2020-2023
==================================================
  LightGBM                  AUC: 0.8310
  XGBoost                   AUC: 0.8308
  MLP                       AUC: 0.8208
  Random Forest             AUC: 0.8190
  Logistic Regression       AUC: 0.8077
==================================================

Results saved to /scratch/at7095/mortgage_prepayment/outputs/results_multivintage.json
