Loading PMMS...
Loading ZHVI...
Loading 2020Q1...
  -> 682,285 loans | prepay: 3.74%
Loading 2020Q2...
  -> 1,233,540 loans | prepay: 1.40%
Loading 2020Q3...
  -> 1,382,453 loans | prepay: 0.81%
Loading 2020Q4...
  -> 1,512,467 loans | prepay: 0.69%
Loading 2021Q1...
  -> 1,412,054 loans | prepay: 0.62%
Loading 2021Q2...
  -> 1,314,637 loans | prepay: 0.70%
Loading 2021Q3...
  -> 1,037,845 loans | prepay: 0.87%
Loading 2021Q4...
  -> 1,012,463 loans | prepay: 0.85%
Loading 2023Q1...
  -> 210,421 loans | prepay: 0.67%

Total: 9,798,165 loans | Prepay: 1.04%

=== Baseline (no zip3) ===
  LogisticRegression     AUC: 0.8050
  RandomForest           AUC: 0.8124
  XGBoost                AUC: 0.8317
  LightGBM               AUC: 0.8318
  MLP                    AUC: 0.8247

=== With zip3 ===
  LogisticRegression     AUC: 0.8051
  RandomForest           AUC: 0.8111
  XGBoost                AUC: 0.8367
  LightGBM               AUC: 0.8361
  MLP                    AUC: 0.8230

=== AUC Comparison ===
Model                    Baseline     + zip3    Delta
------------------------------------------------------
LogisticRegression         0.8050     0.8051  +0.0001
RandomForest               0.8124     0.8111  -0.0013
XGBoost                    0.8317     0.8367  +0.0050
LightGBM                   0.8318     0.8361  +0.0043
MLP                        0.8247     0.8230  -0.0017

Saved → /scratch/at7095/mortgage_prepayment/outputs/results_zip3.json
